2024-11-20T18:11:31.633494+0900 INFO x: 0.569722474
y: 0.564140499
z: -0.0805743709

2024-11-20T18:11:31.733544+0900 INFO x: 0.566747
y: 0.561998
z: -0.0802400559

2024-11-20T18:11:31.825621+0900 INFO x: 0.56661737
y: 0.560963094
z: -0.0815517306

2024-11-20T18:11:31.930956+0900 INFO x: 0.566830814
y: 0.560749769
z: -0.0775914863

2024-11-20T18:11:32.033073+0900 INFO x: 0.568592548
y: 0.566955507
z: -0.0783885047

2024-11-20T18:11:32.133504+0900 INFO x: 0.576609135
y: 0.574427
z: -0.0909699649

2024-11-20T18:11:32.232631+0900 INFO x: 0.581568718
y: 0.574385583
z: -0.0961747319

2024-11-20T18:11:32.333553+0900 INFO x: 0.584522247
y: 0.574253738
z: -0.0806163773

2024-11-20T18:11:32.432847+0900 INFO x: 0.580625
y: 0.570151269
z: -0.0871889591

2024-11-20T18:11:32.567195+0900 INFO x: 0.580630541
y: 0.57690984
z: -0.106624536

2024-11-20T18:11:32.664715+0900 INFO x: 0.580200613
y: 0.572878242
z: -0.0954772383

2024-11-20T18:11:32.763045+0900 INFO x: 0.57984221
y: 0.577176929
z: -0.0992640406

2024-11-20T18:11:32.857391+0900 INFO x: 0.577306032
y: 0.572029531
z: -0.0936836302

2024-11-20T18:11:32.963480+0900 INFO x: 0.575600922
y: 0.571274459
z: -0.0884551704

2024-11-20T18:11:33.064385+0900 INFO x: 0.585564375
y: 0.580782175
z: -0.0847995579

2024-11-20T18:11:33.163418+0900 INFO x: 0.594190717
y: 0.596355498
z: -0.0871904641

2024-11-20T18:11:33.266228+0900 INFO x: 0.593674779
y: 0.598229349
z: -0.0961613208

2024-11-20T18:11:33.364556+0900 INFO x: 0.602009833
y: 0.607283115
z: -0.0913898423

2024-11-20T18:11:33.465881+0900 INFO x: 0.603618622
y: 0.609106779
z: -0.0968858376

2024-11-20T18:11:33.565216+0900 INFO x: 0.606833756
y: 0.61144
z: -0.0919445306

2024-11-20T18:11:33.666152+0900 INFO x: 0.607785463
y: 0.617057502
z: -0.0827857628

2024-11-20T18:11:33.764703+0900 INFO x: 0.604690433
y: 0.6136989
z: -0.093086727

2024-11-20T18:11:33.858041+0900 INFO x: 0.60681659
y: 0.609876812
z: -0.0827370137

2024-11-20T18:11:33.965657+0900 INFO x: 0.602565527
y: 0.608294785
z: -0.0877517685

2024-11-20T18:11:34.063160+0900 INFO x: 0.606234372
y: 0.613228261
z: -0.0937844291

2024-11-20T18:11:34.162435+0900 INFO x: 0.607453763
y: 0.618187547
z: -0.0810611248

2024-11-20T18:11:34.263725+0900 INFO x: 0.611877203
y: 0.624669075
z: -0.0868489295

2024-11-20T18:11:34.365891+0900 INFO x: 0.617072344
y: 0.624464869
z: -0.0842292

2024-11-20T18:11:34.463278+0900 INFO x: 0.621771038
y: 0.622266591
z: -0.0904441848

2024-11-20T18:11:34.565866+0900 INFO x: 0.640663505
y: 0.634134054
z: -0.0466387346

2024-11-20T18:11:34.663740+0900 INFO x: 0.597642183
y: 0.539133787
z: -0.0859219134

2024-11-20T18:11:35.825370+0900 INFO x: 0.610188365
y: 0.4886868
z: -0.0305595938

2024-11-20T18:11:35.925968+0900 INFO x: 0.589541852
y: 0.582496226
z: -0.0630019233

2024-11-20T18:11:36.032629+0900 INFO x: 0.535960555
y: 0.684960246
z: -0.0812175795

2024-11-20T18:11:36.131783+0900 INFO x: 0.475571811
y: 0.683561385
z: -0.0963026509

2024-11-20T18:11:36.230343+0900 INFO x: 0.44573608
y: 0.680032372
z: -0.0938010588

2024-11-20T18:11:36.332127+0900 INFO x: 0.472149462
y: 0.691463709
z: -0.108679593

2024-11-20T18:11:36.430165+0900 INFO x: 0.452384412
y: 0.681258619
z: -0.0969567

2024-11-20T18:11:36.531477+0900 INFO x: 0.455347687
y: 0.683783054
z: -0.13740702

2024-11-20T18:11:36.629693+0900 INFO x: 0.397362828
y: 0.678126276
z: -0.104758

2024-11-20T18:11:36.731656+0900 INFO x: 0.324501932
y: 0.722740054
z: -0.115538023

2024-11-20T18:11:36.926584+0900 INFO x: 0.202387616
y: 0.792372108
z: -0.0969494358

2024-11-20T18:11:37.029889+0900 INFO x: 0.146574929
y: 0.773295045
z: -0.0806315

2024-11-20T18:11:39.496314+0900 INFO x: 0.322851181
y: 0.889376104
z: -0.15195781

2024-11-20T18:11:39.662447+0900 INFO x: 0.575267553
y: 0.635541439
z: -0.209326044

2024-11-20T18:11:39.761531+0900 INFO x: 0.579328418
y: 0.405213386
z: -0.13860561

2024-11-20T18:11:40.563057+0900 INFO x: 0.581579924
y: 0.52227819
z: -0.0949119106

2024-11-20T18:11:40.662880+0900 INFO x: 0.555774748
y: 0.537008524
z: -0.110831514

2024-11-20T18:11:40.763126+0900 INFO x: 0.553220749
y: 0.54442513
z: -0.108052626

2024-11-20T18:11:40.856511+0900 INFO x: 0.549358606
y: 0.561094
z: -0.133377254

2024-11-20T18:11:40.961022+0900 INFO x: 0.536853313
y: 0.573451042
z: -0.136554584

2024-11-20T18:11:41.063067+0900 INFO x: 0.534181058
y: 0.574069858
z: -0.160824776

2024-11-20T18:11:41.162551+0900 INFO x: 0.530210495
y: 0.576506078
z: -0.103102371

2024-11-20T18:11:41.261693+0900 INFO x: 0.525764167
y: 0.572334707
z: -0.110720202

2024-11-20T18:11:41.362099+0900 INFO x: 0.520666957
y: 0.568476856
z: -0.135272

2024-11-20T18:11:41.463101+0900 INFO x: 0.519079149
y: 0.561722517
z: -0.110183351

2024-11-20T18:11:41.562291+0900 INFO x: 0.517517328
y: 0.564322829
z: -0.106303535

2024-11-20T18:11:41.662918+0900 INFO x: 0.514526
y: 0.562598348
z: -0.121111184

2024-11-20T18:11:41.762966+0900 INFO x: 0.51755178
y: 0.560448229
z: -0.131942421

2024-11-20T18:11:41.855540+0900 INFO x: 0.515522838
y: 0.562119901
z: -0.113319144

2024-11-20T18:11:41.961976+0900 INFO x: 0.518380821
y: 0.565693319
z: -0.11636544

2024-11-20T18:11:42.057340+0900 INFO x: 0.523196876
y: 0.547215581
z: -0.0793366954

2024-11-20T18:11:42.162002+0900 INFO x: 0.520969391
y: 0.533550858
z: -0.0847077

2024-11-20T18:11:42.262554+0900 INFO x: 0.519158483
y: 0.530011415
z: -0.0970261544

2024-11-20T18:11:42.362091+0900 INFO x: 0.521964908
y: 0.54728967
z: -0.0966116488

2024-11-20T18:11:42.461082+0900 INFO x: 0.524654508
y: 0.543464422
z: -0.0899369

2024-11-20T18:11:42.562662+0900 INFO x: 0.530131221
y: 0.552861
z: -0.101552166

2024-11-20T18:11:42.660786+0900 INFO x: 0.527770638
y: 0.551063657
z: -0.127822444

2024-11-20T18:11:42.762077+0900 INFO x: 0.526572585
y: 0.549194932
z: -0.117752105

2024-11-20T18:11:42.856642+0900 INFO x: 0.524966419
y: 0.542512357
z: -0.105760656

2024-11-20T18:11:42.960444+0900 INFO x: 0.526567459
y: 0.525457501
z: -0.118304558

2024-11-20T18:11:43.062060+0900 INFO x: 0.527439058
y: 0.516078532
z: -0.110285379

2024-11-20T18:11:43.161695+0900 INFO x: 0.530220211
y: 0.525666714
z: -0.0952819735

2024-11-20T18:11:43.262307+0900 INFO x: 0.529858887
y: 0.52182281
z: -0.109717362

2024-11-20T18:11:43.355509+0900 INFO x: 0.53324157
y: 0.529782772
z: -0.0903647617

2024-11-20T18:11:43.461620+0900 INFO x: 0.534525931
y: 0.517485857
z: -0.107494615

2024-11-20T18:11:43.562058+0900 INFO x: 0.540482819
y: 0.532632649
z: -0.116889067

2024-11-20T18:11:43.660197+0900 INFO x: 0.543274939
y: 0.529713631
z: -0.140378922

2024-11-20T18:11:43.761818+0900 INFO x: 0.546076059
y: 0.554913819
z: -0.105238155

2024-11-20T18:11:43.856009+0900 INFO x: 0.557582319
y: 0.459276587
z: -0.0762723833

2024-11-20T18:11:43.959060+0900 INFO x: 0.60483861
y: 0.488746643
z: -0.0568877161

2024-11-20T18:11:44.061868+0900 INFO x: 0.60921067
y: 0.488087
z: -0.0592939891

2024-11-20T18:11:44.160947+0900 INFO x: 0.572149098
y: 0.468325734
z: -0.0761576593

2024-11-20T18:11:44.261476+0900 INFO x: 0.587963402
y: 0.448352069
z: -0.081676729

2024-11-20T18:11:44.426339+0900 INFO x: 0.589270175
y: 0.452741086
z: -0.0797598585

2024-11-20T18:11:44.919756+0900 INFO x: 0.626753569
y: 0.512672901
z: -0.0472974

2024-11-20T18:11:44.992073+0900 INFO x: 0.628991067
y: 0.513558209
z: -0.0540024117

2024-11-20T18:11:45.094591+0900 INFO x: 0.610235
y: 0.535827219
z: -0.055209659

2024-11-20T18:11:45.491516+0900 INFO x: 0.559511304
y: 0.466207415
z: -0.0555515625

2024-11-20T18:11:45.593522+0900 INFO x: 0.55662787
y: 0.467819959
z: -0.0505879484

2024-11-20T18:11:45.692483+0900 INFO x: 0.515292048
y: 0.458487868
z: -0.0490187071

2024-11-20T18:11:45.793009+0900 INFO x: 0.515960455
y: 0.444876313
z: -0.0573713519

2024-11-20T18:11:45.886306+0900 INFO x: 0.508224666
y: 0.424824238
z: -0.0356105566

2024-11-20T18:11:45.993179+0900 INFO x: 0.482220858
y: 0.431677461
z: -0.0548227653

2024-11-20T18:11:46.090748+0900 INFO x: 0.480749905
y: 0.417530298
z: -0.0460296795

2024-11-20T18:11:46.193474+0900 INFO x: 0.480261058
y: 0.418152362
z: -0.0398093872

2024-11-20T18:11:46.287642+0900 INFO x: 0.479834497
y: 0.426706105
z: -0.047620561

2024-11-20T18:11:46.394189+0900 INFO x: 0.478749752
y: 0.426656872
z: -0.0456704721

2024-11-20T18:11:46.493386+0900 INFO x: 0.478620261
y: 0.415006131
z: -0.0492539331

2024-11-20T18:11:46.592383+0900 INFO x: 0.462109119
y: 0.431588829
z: -0.047756888

2024-11-20T18:11:46.692963+0900 INFO x: 0.47995019
y: 0.422942817
z: -0.0516438819

2024-11-20T18:11:46.792958+0900 INFO x: 0.478666127
y: 0.423366457
z: -0.0502763912

2024-11-20T18:11:46.886311+0900 INFO x: 0.489647955
y: 0.419047147
z: -0.0430560522

2024-11-20T18:11:46.992279+0900 INFO x: 0.528030753
y: 0.457222
z: -0.038211178

2024-11-20T18:11:51.133742+0900 INFO カメラとウィンドウリソースを解放しました
2024-11-20T18:12:11.973886+0900 INFO 入力IDは0,出力IDは1です
2024-11-20T18:13:08.247252+0900 INFO 入力IDは0,出力IDは1です
2024-11-20T18:13:12.305104+0900 INFO x: 0.420786858
y: 0.591426671
z: -0.0234009083

2024-11-20T18:13:12.403390+0900 INFO x: 0.42568776
y: 0.598450363
z: 0.014864821

2024-11-20T18:13:12.504863+0900 INFO x: 0.46034953
y: 0.616429627
z: -0.0174051486

2024-11-20T18:13:12.605462+0900 INFO x: 0.416768551
y: 0.586959422
z: -0.000609820301

2024-11-20T18:13:12.804579+0900 INFO x: 0.42669937
y: 0.593916833
z: -0.0149926599

2024-11-20T18:13:12.905277+0900 INFO x: 0.434009641
y: 0.583834231
z: -0.000908274495

2024-11-20T18:13:13.004933+0900 INFO x: 0.422927588
y: 0.578504145
z: -0.000578229898

2024-11-20T18:13:13.104788+0900 INFO x: 0.417963415
y: 0.58140105
z: -0.00628612377

2024-11-20T18:13:13.205993+0900 INFO x: 0.417714983
y: 0.562183738
z: -0.00364684057

2024-11-20T18:13:13.302896+0900 INFO x: 0.40951857
y: 0.598237216
z: 0.0196018312

2024-11-20T18:13:13.603730+0900 INFO x: 0.397301078
y: 0.570421219
z: 0.00260190386

2024-11-20T18:13:13.704024+0900 INFO x: 0.441887
y: 0.63966769
z: 0.0107645299

2024-11-20T18:13:14.003983+0900 INFO x: 0.380617976
y: 0.545469105
z: -0.0463574342

2024-11-20T18:13:14.123468+0900 INFO x: 0.388457179
y: 0.542757869
z: -0.0247891862

2024-11-20T18:13:14.221017+0900 INFO x: 0.38062945
y: 0.527372777
z: -0.0362023413

2024-11-20T18:13:14.302960+0900 INFO x: 0.379606456
y: 0.530439198
z: -0.0319991596

2024-11-20T18:13:14.520314+0900 INFO x: 0.368561029
y: 0.543129325
z: -0.0315327346

2024-11-20T18:13:14.620923+0900 INFO x: 0.373528808
y: 0.52236557
z: -0.0353102051

2024-11-20T18:13:14.721154+0900 INFO x: 0.37564683
y: 0.534962952
z: -0.0227021575

2024-11-20T18:13:14.820542+0900 INFO x: 0.36595282
y: 0.543118119
z: -0.0421873368

2024-11-20T18:13:14.921723+0900 INFO x: 0.374518633
y: 0.53256768
z: -0.0333062075

2024-11-20T18:13:15.071135+0900 INFO x: 0.366307
y: 0.530426919
z: -0.0378196836

2024-11-20T18:13:15.270614+0900 INFO x: 0.375752747
y: 0.545559406
z: -0.0367617086

2024-11-20T18:13:15.370204+0900 INFO x: 0.371294171
y: 0.555407465
z: -0.0554580688

2024-11-20T18:13:15.470468+0900 INFO x: 0.379422188
y: 0.526249349
z: -0.0446914099

2024-11-20T18:13:15.624003+0900 INFO x: 0.38496837
y: 0.533172667
z: -0.0460341275

2024-11-20T18:13:15.721107+0900 INFO x: 0.385769188
y: 0.541430295
z: -0.0392606482

2024-11-20T18:13:15.802292+0900 INFO x: 0.392964572
y: 0.511399269
z: -0.0444679372

2024-11-20T18:13:15.922350+0900 INFO x: 0.384561598
y: 0.538040876
z: -0.0346738286

2024-11-20T18:13:16.099486+0900 INFO x: 0.395341575
y: 0.546334863
z: -0.0359144546

2024-11-20T18:13:16.204838+0900 INFO x: 0.385641068
y: 0.550141
z: -0.0400975384

2024-11-20T18:13:16.317110+0900 INFO x: 0.386811763
y: 0.547404289
z: -0.0404990241

2024-11-20T18:13:16.403116+0900 INFO x: 0.388086975
y: 0.541129
z: -0.0268762838

2024-11-20T18:13:16.503328+0900 INFO x: 0.397922844
y: 0.567106783
z: -0.0403025

2024-11-20T18:13:16.603634+0900 INFO x: 0.388888031
y: 0.548180044
z: -0.0272610616

2024-11-20T18:13:16.705507+0900 INFO x: 0.382904351
y: 0.549973488
z: -0.011107808

2024-11-20T18:13:16.799519+0900 INFO x: 0.391656905
y: 0.54291147
z: -0.0337159224

2024-11-20T18:13:16.903835+0900 INFO x: 0.386164
y: 0.553954363
z: -0.0436522849

2024-11-20T18:13:17.003039+0900 INFO x: 0.392910808
y: 0.565167069
z: -0.0418612733

2024-11-20T18:13:17.103132+0900 INFO x: 0.392887115
y: 0.569112301
z: -0.0404612906

2024-11-20T18:13:17.203572+0900 INFO x: 0.391245
y: 0.562961638
z: -0.0420629121

2024-11-20T18:13:17.303077+0900 INFO x: 0.392527491
y: 0.550163567
z: -0.046763923

2024-11-20T18:13:17.403407+0900 INFO x: 0.388262093
y: 0.554257691
z: -0.0376784876

2024-11-20T18:13:17.511288+0900 INFO x: 0.389181077
y: 0.563015282
z: -0.0393419899

2024-11-20T18:13:17.601992+0900 INFO x: 0.390021384
y: 0.56346339
z: -0.0508116744

2024-11-20T18:13:17.703772+0900 INFO x: 0.388496727
y: 0.556154728
z: -0.0452421643

2024-11-20T18:13:17.803370+0900 INFO x: 0.394088656
y: 0.557563365
z: -0.0374710076

2024-11-20T18:13:17.918428+0900 INFO x: 0.391215801
y: 0.556696892
z: -0.0512747206

2024-11-20T18:13:18.015904+0900 INFO x: 0.394283146
y: 0.564724803
z: -0.0361322127

2024-11-20T18:13:18.103048+0900 INFO x: 0.388016522
y: 0.543877959
z: -0.0609955

2024-11-20T18:13:18.202484+0900 INFO x: 0.388681024
y: 0.547772646
z: -0.0302522872

2024-11-20T18:13:18.302815+0900 INFO x: 0.392614692
y: 0.55565995
z: -0.0504898243

2024-11-20T18:13:18.402103+0900 INFO x: 0.395057231
y: 0.550663948
z: -0.0385702141

2024-11-20T18:13:18.620560+0900 INFO x: 0.391335368
y: 0.553559601
z: -0.042734284

2024-11-20T18:13:18.701616+0900 INFO x: 0.392372906
y: 0.570406139
z: -0.00647898437

2024-11-20T18:13:18.809055+0900 INFO x: 0.46699065
y: 0.683638275
z: -0.0609571598

2024-11-20T18:13:20.168780+0900 INFO x: 0.3726345
y: 0.840598226
z: -0.110626854

2024-11-20T18:13:20.268846+0900 INFO x: 0.358169705
y: 0.732293367
z: -0.159733251

2024-11-20T18:13:20.368969+0900 INFO x: 0.371183515
y: 0.665858388
z: -0.0450246744

2024-11-20T18:13:20.469941+0900 INFO x: 0.369152874
y: 0.637100697
z: -0.0360273346

2024-11-20T18:13:20.573243+0900 INFO x: 0.360648483
y: 0.630315125
z: -0.0247750059

2024-11-20T18:13:20.667880+0900 INFO x: 0.343055695
y: 0.639960408
z: -0.0633212

2024-11-20T18:13:34.296600+0900 INFO x: 0.263640344
y: 0.755320966
z: -0.136930212

2024-11-20T18:13:34.894002+0900 INFO x: 0.173691481
y: 0.539411485
z: 0.00485231448

2024-11-20T18:13:35.428635+0900 INFO x: 0.19029431
y: 0.548428655
z: 0.00444640778

2024-11-20T18:13:36.329957+0900 INFO x: 0.187964857
y: 0.528441668
z: 0.0225264467

2024-11-20T18:13:36.428346+0900 INFO x: 0.19994539
y: 0.526937
z: 0.0118897334

2024-11-20T18:13:36.529340+0900 INFO x: 0.228634015
y: 0.540692389
z: 0.0067816996

2024-11-20T18:13:36.628033+0900 INFO x: 0.221813872
y: 0.530115187
z: -0.000660837395

2024-11-20T18:13:36.728452+0900 INFO x: 0.215554759
y: 0.5260638
z: 0.0104354378

2024-11-20T18:13:36.828662+0900 INFO x: 0.194751158
y: 0.52822566
z: 0.0300544333

2024-11-20T18:13:36.928143+0900 INFO x: 0.19465524
y: 0.522626936
z: 0.0271377657

2024-11-20T18:13:37.027511+0900 INFO x: 0.188950852
y: 0.527499616
z: 0.0203855895

2024-11-20T18:13:37.128353+0900 INFO x: 0.186600164
y: 0.523588717
z: 0.0249375161

2024-11-20T18:13:37.228549+0900 INFO x: 0.208813176
y: 0.514679193
z: 0.0166597459

2024-11-20T18:13:37.327676+0900 INFO x: 0.233996704
y: 0.519569576
z: 0.0099755358

2024-11-20T18:13:37.625132+0900 INFO x: 0.240051433
y: 0.561729
z: 0.000645517

2024-11-20T18:13:39.626734+0900 INFO x: 0.516455829
y: 0.634587526
z: -0.0171754267

2024-11-20T18:13:39.728583+0900 INFO x: 0.552027643
y: 0.645550311
z: -0.0143306227

2024-11-20T18:13:39.828519+0900 INFO x: 0.589973271
y: 0.69422245
z: -0.0316277072

2024-11-20T18:13:39.928418+0900 INFO x: 0.599660397
y: 0.741815925
z: -0.033973854

2024-11-20T18:13:40.027921+0900 INFO x: 0.585201085
y: 0.760727584
z: -0.047462292

2024-11-20T18:13:40.128998+0900 INFO x: 0.562317431
y: 0.729994893
z: -0.0483725704

2024-11-20T18:13:40.229203+0900 INFO x: 0.556661904
y: 0.723178148
z: -0.0382183604

2024-11-20T18:13:40.328981+0900 INFO x: 0.554048181
y: 0.718120039
z: -0.042682182

2024-11-20T18:13:40.427909+0900 INFO x: 0.545253575
y: 0.702654064
z: -0.0446648076

2024-11-20T18:13:40.526954+0900 INFO x: 0.528774381
y: 0.683552206
z: -0.0442942157

2024-11-20T18:13:40.628368+0900 INFO x: 0.523926377
y: 0.672419727
z: -0.0429292955

2024-11-20T18:13:40.728043+0900 INFO x: 0.522627115
y: 0.665411115
z: -0.035109479

2024-11-20T18:13:40.828208+0900 INFO x: 0.522228122
y: 0.666996
z: -0.0393069722

2024-11-20T18:13:40.923090+0900 INFO x: 0.523160934
y: 0.664003491
z: -0.0262690522

2024-11-20T18:13:40.994596+0900 INFO x: 0.516468287
y: 0.659655094
z: -0.0299269892

2024-11-20T18:13:41.092566+0900 INFO x: 0.51638031
y: 0.661085427
z: -0.0405201912

2024-11-20T18:13:41.192247+0900 INFO x: 0.511979342
y: 0.650845766
z: -0.0459811389

2024-11-20T18:13:41.292964+0900 INFO x: 0.502550721
y: 0.634041667
z: -0.0237719119

2024-11-20T18:13:41.393901+0900 INFO x: 0.493630856
y: 0.60670197
z: -0.052332

2024-11-20T18:13:41.593380+0900 INFO x: 0.506342649
y: 0.63167274
z: -0.0404397063

2024-11-20T18:13:41.695191+0900 INFO x: 0.504066408
y: 0.63188076
z: -0.0311371908

2024-11-20T18:13:41.792980+0900 INFO x: 0.504774392
y: 0.636822343
z: -0.029323848

2024-11-20T18:13:41.892308+0900 INFO x: 0.511507511
y: 0.654057205
z: -0.042723231

2024-11-20T18:13:41.991777+0900 INFO x: 0.515195489
y: 0.650679171
z: -0.0235670321

2024-11-20T18:13:42.092787+0900 INFO x: 0.517027497
y: 0.659683049
z: -0.027939653

2024-11-20T18:13:42.193270+0900 INFO x: 0.515016556
y: 0.656814873
z: -0.0166832767

2024-11-20T18:13:42.293173+0900 INFO x: 0.512386084
y: 0.648234308
z: -0.0382180065

2024-11-20T18:13:42.392454+0900 INFO x: 0.512327254
y: 0.65414083
z: -0.0176932402

2024-11-20T18:13:42.493894+0900 INFO x: 0.518911839
y: 0.66035676
z: -0.0273298789

2024-11-20T18:13:42.594585+0900 INFO x: 0.521532834
y: 0.671416879
z: -0.0419101715

2024-11-20T18:13:42.693308+0900 INFO x: 0.52539283
y: 0.685378551
z: -0.048664894

2024-11-20T18:13:42.794608+0900 INFO x: 0.524718583
y: 0.676706195
z: -0.0265582837

2024-11-20T18:13:42.893238+0900 INFO x: 0.516111135
y: 0.670353591
z: -0.0317136757

2024-11-20T18:13:42.988659+0900 INFO x: 0.517667532
y: 0.666736305
z: -0.0263211336

2024-11-20T18:13:43.092110+0900 INFO x: 0.51360321
y: 0.665041804
z: -0.0374235399

2024-11-20T18:13:43.293998+0900 INFO x: 0.487526
y: 0.634732544
z: -0.0133253084

2024-11-20T18:13:43.393214+0900 INFO x: 0.467484802
y: 0.611442
z: -0.0273053627

2024-11-20T18:13:43.487599+0900 INFO x: 0.448573083
y: 0.589128196
z: -0.00945048407

2024-11-20T18:13:43.590757+0900 INFO x: 0.434979081
y: 0.577497721
z: -0.0164175425

2024-11-20T18:13:43.690848+0900 INFO x: 0.420722902
y: 0.566296458
z: -0.0330871679

2024-11-20T18:13:44.193564+0900 INFO x: 0.372640431
y: 0.555716038
z: -0.00536588952

2024-11-20T18:13:44.291319+0900 INFO x: 0.349476
y: 0.555002153
z: 0.013763018

2024-11-20T18:13:44.390974+0900 INFO x: 0.392054319
y: 0.5152601
z: -0.0359500535

2024-11-20T18:13:44.493351+0900 INFO x: 0.373473704
y: 0.543712914
z: -0.0247192606

2024-11-20T18:13:44.593734+0900 INFO x: 0.36589995
y: 0.522834241
z: -0.0177573208

2024-11-20T18:13:44.691250+0900 INFO x: 0.364984959
y: 0.533235431
z: -0.00919247419

2024-11-20T18:13:44.791242+0900 INFO x: 0.375301361
y: 0.528892
z: -0.020919282

2024-11-20T18:13:44.892785+0900 INFO x: 0.344762087
y: 0.545436
z: 0.0200128183

2024-11-20T18:13:46.725386+0900 INFO x: 0.24420689
y: 0.898872674
z: 0.0145921987

2024-11-20T18:13:48.124421+0900 INFO x: 0.352183968
y: 0.89562583
z: -0.100218534

2024-11-20T18:13:48.219003+0900 INFO x: 0.349414766
y: 0.893536091
z: -0.101840064

2024-11-20T18:13:48.324834+0900 INFO x: 0.384808391
y: 0.887326419
z: -0.0882908478

2024-11-20T18:13:48.423208+0900 INFO x: 0.380978376
y: 0.871028244
z: -0.0947349295

2024-11-20T18:13:48.524563+0900 INFO x: 0.394738287
y: 0.865927875
z: -0.10642653

2024-11-20T18:13:48.624538+0900 INFO x: 0.412829071
y: 0.855134189
z: -0.0865963399

2024-11-20T18:13:48.741858+0900 INFO x: 0.427839816
y: 0.864653528
z: -0.0904745907

2024-11-20T18:13:48.742275+0900 INFO x: 0.0247669592
y: 0.65371418
z: -0.0449258797

2024-11-20T18:13:48.842133+0900 INFO x: 0.439456582
y: 0.792635739
z: -0.0749604404

2024-11-20T18:13:48.842493+0900 INFO x: -0.011646498
y: 0.653389573
z: -0.0572196655

2024-11-20T18:13:48.939139+0900 INFO x: 0.0455743708
y: 0.701175213
z: -0.0575738214

2024-11-20T18:13:48.939581+0900 INFO x: 0.425602198
y: 0.777191
z: -0.0635713786

2024-11-20T18:13:49.040698+0900 INFO x: 0.113615178
y: 0.779086471
z: -0.0687216744

2024-11-20T18:13:49.041110+0900 INFO x: 0.495351225
y: 0.822603047
z: -0.0661651939

2024-11-20T18:13:49.123450+0900 INFO x: 0.510545611
y: 0.854897201
z: -0.0373795

2024-11-20T18:13:49.357337+0900 INFO x: 0.126209497
y: 0.771129191
z: -0.0278308522

2024-11-20T18:13:49.456857+0900 INFO x: 0.0896692798
y: 0.759843051
z: -0.0702014267

2024-11-20T18:13:49.555943+0900 INFO x: 0.102984875
y: 0.800990403
z: -0.0820615888

2024-11-20T18:13:49.657114+0900 INFO x: 0.120556414
y: 0.859109461
z: -0.0899949744

2024-11-20T18:13:49.776325+0900 INFO x: 0.497295469
y: 0.866711
z: -0.0372920334

2024-11-20T18:13:49.776778+0900 INFO x: 0.125535965
y: 0.88119787
z: -0.0768867359

2024-11-20T18:13:49.854380+0900 INFO x: 0.473823488
y: 0.869011045
z: -0.0397930294

2024-11-20T18:13:49.976875+0900 INFO x: 0.449604541
y: 0.874105036
z: -0.0358662978

2024-11-20T18:13:50.073211+0900 INFO x: 0.421144903
y: 0.945656598
z: -0.0694206879

2024-11-20T18:14:01.617981+0900 INFO x: 0.469686866
y: 0.169351444
z: -0.103073835

2024-11-20T18:14:01.718029+0900 INFO x: 0.52241832
y: 0.324883223
z: -0.11772754

2024-11-20T18:14:01.818681+0900 INFO x: 0.55351907
y: 0.452137768
z: -0.117985591

2024-11-20T18:14:01.916618+0900 INFO x: 0.563691676
y: 0.526857078
z: -0.117079981

2024-11-20T18:14:02.018589+0900 INFO x: 0.580308616
y: 0.598127067
z: -0.0700571463

2024-11-20T18:14:02.118032+0900 INFO x: 0.579619348
y: 0.677086413
z: -0.114469878

2024-11-20T18:14:02.218909+0900 INFO x: 0.590323031
y: 0.699213326
z: -0.0929364115

2024-11-20T18:14:02.318777+0900 INFO x: 0.582106292
y: 0.726057589
z: -0.0796417892

2024-11-20T18:14:02.418742+0900 INFO x: 0.56443435
y: 0.802723825
z: -0.0845587701

2024-11-20T18:14:02.518737+0900 INFO x: 0.546221375
y: 0.854051471
z: -0.0880095512

2024-11-20T18:14:02.618994+0900 INFO x: 0.541471
y: 0.892219126
z: -0.0640207157

2024-11-20T18:14:02.713174+0900 INFO x: 0.539479911
y: 0.950762928
z: -0.124018125

2024-11-20T18:14:02.817993+0900 INFO x: 0.549843967
y: 0.969977081
z: -0.162624583

2024-11-20T18:14:02.918753+0900 INFO x: 0.547376513
y: 0.982135773
z: -0.151029751

2024-11-20T18:14:03.150026+0900 INFO x: 0.536627233
y: 0.963489771
z: -0.0386299193

2024-11-20T18:14:05.218001+0900 INFO x: 0.0404232778
y: 0.921672
z: -0.0373677537

2024-11-20T18:14:06.250501+0900 INFO x: 0.0796096399
y: 0.939645052
z: 0.00948007777

2024-11-20T18:14:06.882826+0900 INFO x: 0.331333518
y: 0.899224877
z: 0.00947187468

2024-11-20T18:14:06.983527+0900 INFO x: 0.326151252
y: 0.894208908
z: 0.00681638066

2024-11-20T18:14:07.084207+0900 INFO x: 0.315476418
y: 0.891907334
z: 0.00785502

2024-11-20T18:14:07.184671+0900 INFO x: 0.30988121
y: 0.886109531
z: 0.00587950367

2024-11-20T18:14:07.277912+0900 INFO x: 0.302539051
y: 0.896302223
z: 0.0126494849

2024-11-20T18:14:07.384616+0900 INFO x: 0.287453651
y: 0.900444686
z: 0.00956981443

2024-11-20T18:14:07.483007+0900 INFO x: 0.262428313
y: 0.914007068
z: -0.0130109619

2024-11-20T18:14:07.584130+0900 INFO x: 0.249843374
y: 0.938552797
z: -0.0123595968

2024-11-20T18:14:08.415848+0900 INFO x: 0.31267032
y: 0.923980355
z: 0.00757524837

2024-11-20T18:14:08.516297+0900 INFO x: 0.29876563
y: 0.941766
z: 0.00592569634

2024-11-20T18:14:08.983082+0900 INFO x: 0.376742363
y: 0.971236348
z: -0.0693326071

2024-11-20T18:14:09.283622+0900 INFO x: 0.407754391
y: 0.980837584
z: -0.0638162568

2024-11-20T18:14:09.683336+0900 INFO x: 0.394023061
y: 0.983177543
z: -0.119782828

2024-11-20T18:14:15.347023+0900 INFO x: 0.512536407
y: 0.922633231
z: -0.087156862

2024-11-20T18:14:15.445211+0900 INFO x: 0.548054695
y: 0.869881094
z: -0.0687443912

2024-11-20T18:14:15.547857+0900 INFO x: 0.606646717
y: 0.758808315
z: -0.0863470361

2024-11-20T18:14:36.704279+0900 INFO x: 0.913692415
y: 0.692282617
z: -0.0498390421

2024-11-20T18:14:36.803119+0900 INFO x: 0.798326552
y: 0.936920226
z: 0.0160392877

2024-11-20T18:14:59.984696+0900 INFO x: 0.42328912
y: 0.857797
z: -0.0113454694

2024-11-20T18:15:00.093934+0900 INFO x: 0.389281243
y: 0.75623703
z: -0.0293499641

2024-11-20T18:15:00.492842+0900 INFO x: 0.365581632
y: 0.791836202
z: -0.0266011879

2024-11-20T18:15:00.693539+0900 INFO x: 0.386368632
y: 0.765407324
z: -0.0309901331

2024-11-20T18:15:00.794892+0900 INFO x: 0.383717895
y: 0.773905218
z: -0.0481102616

2024-11-20T18:15:00.893636+0900 INFO x: 0.388631493
y: 0.784015
z: -0.0383481458

2024-11-20T18:15:00.994645+0900 INFO x: 0.393245846
y: 0.788947165
z: -0.039035406

2024-11-20T18:15:01.091044+0900 INFO x: 0.38291207
y: 0.761071861
z: 0.000546716561

2024-11-20T18:15:01.194825+0900 INFO x: 0.383162975
y: 0.766662
z: 0.00133524963

2024-11-20T18:15:01.293037+0900 INFO x: 0.392658949
y: 0.768335164
z: -0.0267216451

2024-11-20T18:15:01.407871+0900 INFO x: 0.390639603
y: 0.794460654
z: -0.0334252492

2024-11-20T18:15:01.490974+0900 INFO x: 0.391677231
y: 0.793257952
z: -0.0293349735

2024-11-20T18:15:01.593516+0900 INFO x: 0.385257423
y: 0.754450679
z: -0.0257928558

2024-11-20T18:15:01.693751+0900 INFO x: 0.39265272
y: 0.800397277
z: -0.028318

2024-11-20T18:15:01.794798+0900 INFO x: 0.39154774
y: 0.800131857
z: -0.0293060727

2024-11-20T18:15:01.906784+0900 INFO x: 0.389664173
y: 0.793891251
z: -0.0265116021

2024-11-20T18:15:02.094869+0900 INFO x: 0.377919436
y: 0.785704672
z: -0.0899071842

2024-11-20T18:15:02.195020+0900 INFO x: 0.373770803
y: 0.739185691
z: -0.0196810309

2024-11-20T18:15:02.492674+0900 INFO x: 0.378742635
y: 0.802128077
z: -0.0214008559

2024-11-20T18:15:02.728004+0900 INFO x: 0.38368848
y: 0.78480345
z: -0.0285920594

2024-11-20T18:15:02.827034+0900 INFO x: 0.381100655
y: 0.783005357
z: -0.0251610912

2024-11-20T18:15:02.926103+0900 INFO x: 0.384276211
y: 0.788162351
z: -0.0237569548

2024-11-20T18:15:03.027598+0900 INFO x: 0.394857496
y: 0.804883122
z: -0.0324495584

2024-11-20T18:15:03.127228+0900 INFO x: 0.392219752
y: 0.786674619
z: -0.0432910025

2024-11-20T18:15:03.227761+0900 INFO x: 0.3709957
y: 0.735796511
z: -0.0145990532

2024-11-20T18:15:03.324792+0900 INFO x: 0.383100539
y: 0.775156736
z: -0.044032611

2024-11-20T18:15:03.428020+0900 INFO x: 0.387609124
y: 0.752676249
z: -0.0285562128

2024-11-20T18:15:03.526395+0900 INFO x: 0.376925439
y: 0.738411546
z: -0.0219925735

2024-11-20T18:15:03.692101+0900 INFO x: 0.374260843
y: 0.733275712
z: -0.0171149541

2024-11-20T18:15:03.793292+0900 INFO x: 0.388438404
y: 0.765115
z: -0.0348904803

2024-11-20T18:15:03.892605+0900 INFO x: 0.386729568
y: 0.768094063
z: -0.0403342545

2024-11-20T18:15:04.057086+0900 INFO x: 0.386506826
y: 0.763839066
z: -0.0347071886

2024-11-20T18:15:04.157807+0900 INFO x: 0.383601874
y: 0.771846473
z: -0.0464876965

2024-11-20T18:15:04.260033+0900 INFO x: 0.382606089
y: 0.752978325
z: -0.0239981338

2024-11-20T18:15:04.360063+0900 INFO x: 0.378906399
y: 0.747111142
z: -0.0197081789

2024-11-20T18:15:04.458697+0900 INFO x: 0.381774545
y: 0.769146562
z: -0.0406704023

2024-11-20T18:15:04.626347+0900 INFO x: 0.379588962
y: 0.753160298
z: -0.0261015445

2024-11-20T18:15:04.992102+0900 INFO x: 0.375839412
y: 0.736236811
z: -0.0186947845

2024-11-20T18:15:05.092710+0900 INFO x: 0.376287967
y: 0.736397743
z: -0.0184590891

2024-11-20T18:15:05.191843+0900 INFO x: 0.379004389
y: 0.753437221
z: -0.0239852779

2024-11-20T18:15:05.291703+0900 INFO x: 0.378970057
y: 0.744162142
z: -0.0158971883

2024-11-20T18:15:05.392981+0900 INFO x: 0.380031943
y: 0.75123024
z: -0.00790143851

2024-11-20T18:15:05.491099+0900 INFO x: 0.381961435
y: 0.774039924
z: -0.0100932429

2024-11-20T18:15:05.598558+0900 INFO x: 0.387233198
y: 0.775732
z: -0.00575768389

2024-11-20T18:15:05.691174+0900 INFO x: 0.381201684
y: 0.767481148
z: 0.00720232213

2024-11-20T18:15:05.792915+0900 INFO x: 0.389636427
y: 0.775597513
z: -0.0164204016

2024-11-20T18:15:05.893375+0900 INFO x: 0.384743482
y: 0.772659659
z: -0.0143134128

2024-11-20T18:15:05.991763+0900 INFO x: 0.382625669
y: 0.763991654
z: -0.00641886704

2024-11-20T18:15:06.088857+0900 INFO x: 0.379631668
y: 0.748309
z: -0.0145641593

2024-11-20T18:15:06.193713+0900 INFO x: 0.361230046
y: 0.767375231
z: -0.0026073

2024-11-20T18:15:06.292516+0900 INFO x: 0.382139176
y: 0.755174339
z: -0.00997985899

2024-11-20T18:15:06.393370+0900 INFO x: 0.382173926
y: 0.748083115
z: -0.0221903492

2024-11-20T18:15:06.492280+0900 INFO x: 0.37843132
y: 0.744468272
z: -0.0128019396

2024-11-20T18:15:06.590014+0900 INFO x: 0.382453144
y: 0.750939608
z: -0.0245613605

2024-11-20T18:15:06.691727+0900 INFO x: 0.381844431
y: 0.750724316
z: -0.016641546

2024-11-20T18:15:06.791216+0900 INFO x: 0.379742503
y: 0.751211047
z: -0.0192732327

2024-11-20T18:15:06.892476+0900 INFO x: 0.377524436
y: 0.748424411
z: -0.0107423048

2024-11-20T18:15:07.124489+0900 INFO x: 0.375513434
y: 0.747284591
z: -0.0184259098

2024-11-20T18:15:07.225634+0900 INFO x: 0.385175735
y: 0.751395583
z: -0.0200545

2024-11-20T18:15:07.326266+0900 INFO x: 0.379259169
y: 0.747195363
z: -0.0231687147

2024-11-20T18:15:07.426049+0900 INFO x: 0.382651657
y: 0.751642644
z: -0.0176854543

2024-11-20T18:15:07.525183+0900 INFO x: 0.379828125
y: 0.743922114
z: -0.0247304179

2024-11-20T18:15:07.757562+0900 INFO x: 0.38663584
y: 0.769393086
z: -0.0384679288

2024-11-20T18:15:07.859474+0900 INFO x: 0.383396536
y: 0.747835636
z: -0.0243372954

2024-11-20T18:15:07.957829+0900 INFO x: 0.38670814
y: 0.75284636
z: -0.0331822261

2024-11-20T18:15:08.056554+0900 INFO x: 0.385953486
y: 0.749731243
z: -0.0197024737

2024-11-20T18:15:08.158429+0900 INFO x: 0.382691205
y: 0.753055632
z: -0.0120767895

2024-11-20T18:15:08.259291+0900 INFO x: 0.379886866
y: 0.750447
z: -0.0132684847

2024-11-20T18:15:08.357112+0900 INFO x: 0.38267374
y: 0.751733184
z: -0.012039585

2024-11-20T18:15:08.458494+0900 INFO x: 0.373957306
y: 0.740915179
z: -0.0176217426

2024-11-20T18:15:08.823808+0900 INFO x: 0.379615
y: 0.746741891
z: -0.0229473636

2024-11-20T18:15:08.923959+0900 INFO x: 0.374518692
y: 0.744111121
z: -0.0249070134

2024-11-20T18:15:09.023084+0900 INFO x: 0.385224044
y: 0.76925993
z: -0.0331832878

2024-11-20T18:15:09.123500+0900 INFO x: 0.383125454
y: 0.752194583
z: -0.0210243259

2024-11-20T18:15:09.223768+0900 INFO x: 0.38332653
y: 0.754380763
z: -0.0123914611

2024-11-20T18:15:09.324542+0900 INFO x: 0.386551857
y: 0.764242649
z: -0.0269078463

2024-11-20T18:15:09.889612+0900 INFO x: 0.380394846
y: 0.744478106
z: -0.0208446831

2024-11-20T18:15:10.058127+0900 INFO x: 0.373556882
y: 0.741963804
z: -0.0197740793

2024-11-20T18:15:10.158125+0900 INFO x: 0.383348346
y: 0.75587827
z: -0.0280036833

2024-11-20T18:15:10.255732+0900 INFO x: 0.38776356
y: 0.760440469
z: -0.015288623

2024-11-20T18:15:15.153474+0900 INFO x: 0.445482373
y: 0.827955067
z: -0.0512234643

2024-11-20T18:15:15.453760+0900 INFO x: 0.39974916
y: 0.877853394
z: -0.0501989126

2024-11-20T18:15:15.553631+0900 INFO x: 0.401467264
y: 0.817456961
z: -0.0514100455

2024-11-20T18:15:15.719671+0900 INFO x: 0.402820975
y: 0.761242926
z: -0.0113522271

2024-11-20T18:15:15.820083+0900 INFO x: 0.352906585
y: 0.780371428
z: -0.024818901

2024-11-20T18:15:15.921893+0900 INFO x: 0.338169664
y: 0.782337606
z: -0.0330039896

2024-11-20T18:15:16.021256+0900 INFO x: 0.386733115
y: 0.75915122
z: -0.00355919194

2024-11-20T18:15:16.119422+0900 INFO x: 0.385215044
y: 0.747610152
z: -0.0089081591

2024-11-20T18:15:16.221287+0900 INFO x: 0.392821789
y: 0.732604384
z: -0.00831951108

2024-11-20T18:15:16.321008+0900 INFO x: 0.400313765
y: 0.73109746
z: -0.00737500656

2024-11-20T18:15:16.421474+0900 INFO x: 0.404094458
y: 0.730574548
z: -0.00708560832

2024-11-20T18:15:16.519135+0900 INFO x: 0.403741449
y: 0.731592238
z: -0.00413893489

2024-11-20T18:15:16.620009+0900 INFO x: 0.400063843
y: 0.7372455
z: -0.00617846614

2024-11-20T18:15:16.721143+0900 INFO x: 0.398437709
y: 0.736947954
z: -0.00547658233

2024-11-20T18:15:16.819300+0900 INFO x: 0.395159483
y: 0.745881796
z: -0.00282924389

2024-11-20T18:15:16.920022+0900 INFO x: 0.395593107
y: 0.746520281
z: -0.00418887

2024-11-20T18:15:17.019760+0900 INFO x: 0.397776723
y: 0.745494664
z: 0.000191060142

2024-11-20T18:15:17.120091+0900 INFO x: 0.421389133
y: 0.678981781
z: -0.00912151299

2024-11-20T18:15:17.219572+0900 INFO x: 0.398645848
y: 0.744524777
z: -0.00400246

2024-11-20T18:15:17.329721+0900 INFO x: 0.39298898
y: 0.745877087
z: -0.00106678379

2024-11-20T18:15:17.437507+0900 INFO x: 0.394562125
y: 0.740356922
z: -0.00283099432

2024-11-20T18:15:17.437924+0900 INFO x: 0.438701928
y: 0.678310931
z: -0.0568640232

2024-11-20T18:15:17.536970+0900 INFO x: 0.39153856
y: 0.743549168
z: -0.00694116903

2024-11-20T18:15:17.537388+0900 INFO x: 0.436015368
y: 0.681145191
z: -0.0624510162

2024-11-20T18:15:17.637634+0900 INFO x: 0.394027889
y: 0.742518723
z: -0.00247780327

2024-11-20T18:15:17.638050+0900 INFO x: 0.433504075
y: 0.685526669
z: -0.0647036806

2024-11-20T18:15:17.718942+0900 INFO x: 0.394114107
y: 0.741434038
z: -0.00766458

2024-11-20T18:15:17.819488+0900 INFO x: 0.386522353
y: 0.751662314
z: -0.0134039652

2024-11-20T18:15:17.920224+0900 INFO x: 0.388682783
y: 0.745838344
z: -0.0122236488

2024-11-20T18:15:18.021132+0900 INFO x: 0.38293457
y: 0.755249202
z: -0.0154551435

2024-11-20T18:15:18.120211+0900 INFO x: 0.372185498
y: 0.759379566
z: -0.0108645801

2024-11-20T18:15:18.219039+0900 INFO x: 0.373378843
y: 0.755195856
z: -0.011033209

2024-11-20T18:15:18.320302+0900 INFO x: 0.375147313
y: 0.763870955
z: -0.0080885021

2024-11-20T18:15:18.420148+0900 INFO x: 0.378623366
y: 0.755915821
z: -0.012908739

2024-11-20T18:15:18.519031+0900 INFO x: 0.347902328
y: 0.780606091
z: -0.0206539724

2024-11-20T18:15:18.619170+0900 INFO x: 0.398368716
y: 0.721296191
z: -0.0218499806

2024-11-20T18:15:18.720622+0900 INFO x: 0.365756243
y: 0.768026173
z: -0.0144414436

2024-11-20T18:15:18.818977+0900 INFO x: 0.393663228
y: 0.719181
z: -0.0166615434

2024-11-20T18:15:19.019199+0900 INFO x: 0.393491924
y: 0.728758574
z: -0.0188451931

2024-11-20T18:15:19.120833+0900 INFO x: 0.409080684
y: 0.714027703
z: -0.0383739918

2024-11-20T18:15:19.219900+0900 INFO x: 0.396263063
y: 0.725515842
z: -0.0137032149

2024-11-20T18:15:19.320282+0900 INFO x: 0.412525982
y: 0.723976195
z: -0.0440822206

2024-11-20T18:15:19.620312+0900 INFO x: 0.474113524
y: 0.758112907
z: 0.00761676161

2024-11-20T18:15:19.719993+0900 INFO x: 0.33637476
y: 0.788512409
z: -0.00365652842

2024-11-20T18:15:19.820453+0900 INFO x: 0.45843181
y: 0.756281495
z: -0.00409597484

2024-11-20T18:15:19.918325+0900 INFO x: 0.476641893
y: 0.737574279
z: 0.00944785401

2024-11-20T18:15:20.018801+0900 INFO x: 0.478135288
y: 0.758209765
z: -0.00715625379

2024-11-20T18:15:20.120442+0900 INFO x: 0.449850529
y: 0.735765457
z: -0.0244132727

2024-11-20T18:15:20.221505+0900 INFO x: 0.470411539
y: 0.739115477
z: 0.0150815584

2024-11-20T18:15:20.318302+0900 INFO x: 0.466139615
y: 0.736584127
z: 0.0170036647

2024-11-20T18:15:20.418579+0900 INFO x: 0.473270118
y: 0.745244741
z: -0.00639545266

2024-11-20T18:15:20.520032+0900 INFO x: 0.487267
y: 0.751256883
z: -0.00917781424

2024-11-20T18:15:20.624179+0900 INFO x: 0.485498786
y: 0.758052707
z: -0.00713150622

2024-11-20T18:15:20.719048+0900 INFO x: 0.49336347
y: 0.750456929
z: -0.00273403781

2024-11-20T18:15:20.819368+0900 INFO x: 0.485117942
y: 0.744810343
z: -0.00644597597

2024-11-20T18:15:20.918328+0900 INFO x: 0.521848142
y: 0.7538324
z: -0.0189495813

2024-11-20T18:15:21.020253+0900 INFO x: 0.53635633
y: 0.754398346
z: -0.0156540535

2024-11-20T18:15:21.116900+0900 INFO x: 0.481573313
y: 0.754826665
z: 0.0234187804

2024-11-20T18:15:21.220366+0900 INFO x: 0.570847392
y: 0.775088608
z: -0.00947167166

2024-11-20T18:15:21.319589+0900 INFO x: 0.557620406
y: 0.769697249
z: -0.0367611349

2024-11-20T18:15:21.419296+0900 INFO x: 0.585289
y: 0.748289049
z: -0.0220580455

2024-11-20T18:15:21.518159+0900 INFO x: 0.615870833
y: 0.76123631
z: -0.0321391076

2024-11-20T18:15:21.719055+0900 INFO x: 0.578056395
y: 0.766070724
z: -0.0320197

2024-11-20T18:15:21.819993+0900 INFO x: 0.545974
y: 0.798457086
z: -0.0223075282

2024-11-20T18:15:21.918782+0900 INFO x: 0.599653602
y: 0.818550348
z: -0.0445073284

2024-11-20T18:15:22.018631+0900 INFO x: 0.591853678
y: 0.814433575
z: -0.0404132195

2024-11-20T18:15:22.119188+0900 INFO x: 0.626603425
y: 0.843678534
z: -0.0649904758

2024-11-20T18:15:22.218515+0900 INFO x: 0.657915056
y: 0.86541158
z: -0.0716036111

2024-11-20T18:15:22.318121+0900 INFO x: 0.615847886
y: 0.841559827
z: -0.0526962355

2024-11-20T18:15:22.751151+0900 INFO x: 0.63301146
y: 0.852057457
z: -0.0766234472

2024-11-20T18:15:23.650324+0900 INFO x: 0.712748945
y: 0.894975245
z: -0.0719991848

2024-11-20T18:15:23.750568+0900 INFO x: 0.66236943
y: 0.879134953
z: -0.0933249891

2024-11-20T18:15:23.851404+0900 INFO x: 0.625265241
y: 0.864604175
z: -0.121795833

2024-11-20T18:15:23.950908+0900 INFO x: 0.646258295
y: 0.866269052
z: -0.0970495939

2024-11-20T18:15:24.053096+0900 INFO x: 0.619295239
y: 0.849693358
z: -0.0693872645

2024-11-20T18:15:24.150420+0900 INFO x: 0.574650347
y: 0.832470059
z: -0.0673780143

2024-11-20T18:15:24.250782+0900 INFO x: 0.523064673
y: 0.844054341
z: -0.0784178823

2024-11-20T18:15:24.350831+0900 INFO x: 0.488099813
y: 0.851537049
z: -0.0855825618

2024-11-20T18:15:24.451236+0900 INFO x: 0.480264127
y: 0.852704287
z: -0.0717598423

2024-11-20T18:15:24.551834+0900 INFO x: 0.48881793
y: 0.857620656
z: -0.0648501739

2024-11-20T18:15:24.650736+0900 INFO x: 0.494831383
y: 0.851844728
z: -0.0712196

2024-11-20T18:15:24.751878+0900 INFO x: 0.507142246
y: 0.851453364
z: -0.0592343397

2024-11-20T18:15:24.850738+0900 INFO x: 0.512695968
y: 0.854263604
z: -0.0646277741

2024-11-20T18:15:24.950188+0900 INFO x: 0.516090691
y: 0.858441472
z: -0.0669559762

2024-11-20T18:15:25.050819+0900 INFO x: 0.511407852
y: 0.8632375
z: -0.0647378191

2024-11-20T18:15:25.151701+0900 INFO x: 0.509181321
y: 0.865245104
z: -0.0642897114

2024-11-20T18:15:25.251045+0900 INFO x: 0.502283514
y: 0.875697315
z: -0.0734036937

2024-11-20T18:15:25.351449+0900 INFO x: 0.508914888
y: 0.866300762
z: -0.0814489499

2024-11-20T18:15:25.451121+0900 INFO x: 0.50505
y: 0.872315168
z: -0.0836405382

2024-11-20T18:15:25.550276+0900 INFO x: 0.506543577
y: 0.871991813
z: -0.0740676597

2024-11-20T18:15:25.651797+0900 INFO x: 0.510714829
y: 0.870683432
z: -0.073906891

2024-11-20T18:15:25.750550+0900 INFO x: 0.522075534
y: 0.866424203
z: -0.0647851154

2024-11-20T18:15:25.851531+0900 INFO x: 0.521881104
y: 0.870142043
z: -0.0790298507

2024-11-20T18:15:25.951199+0900 INFO x: 0.524588645
y: 0.866799
z: -0.081997484

2024-11-20T18:15:26.050627+0900 INFO x: 0.542693198
y: 0.865790486
z: -0.0708945766

2024-11-20T18:15:26.150717+0900 INFO x: 0.53245753
y: 0.870984375
z: -0.0622762404

2024-11-20T18:15:26.251514+0900 INFO x: 0.538951635
y: 0.874540508
z: -0.0676750764

2024-11-20T18:15:26.351167+0900 INFO x: 0.541418135
y: 0.87444514
z: -0.070914574

2024-11-20T18:15:26.450209+0900 INFO x: 0.546507418
y: 0.871275961
z: -0.0815122128

2024-11-20T18:15:26.549922+0900 INFO x: 0.54612565
y: 0.860194206
z: -0.0870944113

2024-11-20T18:15:26.650407+0900 INFO x: 0.544221699
y: 0.850051403
z: -0.0825299

2024-11-20T18:15:26.751360+0900 INFO x: 0.551802754
y: 0.855986416
z: -0.0624213926

2024-11-20T18:15:26.849733+0900 INFO x: 0.555455863
y: 0.85023582
z: -0.0729934722

2024-11-20T18:15:26.950254+0900 INFO x: 0.555770397
y: 0.860408545
z: -0.0644167215

2024-11-20T18:15:27.050632+0900 INFO x: 0.550997794
y: 0.871688604
z: -0.0598009527

2024-11-20T18:15:27.149968+0900 INFO x: 0.555709481
y: 0.87146312
z: -0.0634811148

2024-11-20T18:15:27.251277+0900 INFO x: 0.557157755
y: 0.866432786
z: -0.0733546913

2024-11-20T18:15:27.350725+0900 INFO x: 0.558618724
y: 0.868749201
z: -0.0647571832

2024-11-20T18:15:27.497240+0900 INFO カメラとウィンドウリソースを解放しました
2024-11-21T12:06:50.031178+0900 INFO 入力IDは0,出力IDは1です
2024-11-21T12:10:25.375674+0900 INFO 入力IDは0,出力IDは1です
2024-11-21T12:10:26.881215+0900 INFO x: 0.859776795
y: 0.76830256
z: -0.0753272399

2024-11-21T12:10:26.972637+0900 INFO x: 0.867521942
y: 0.71296072
z: -0.0639588

2024-11-21T12:10:35.230906+0900 INFO x: 0.800822139
y: 0.668561876
z: -0.0579294413

2024-11-21T12:10:35.345370+0900 INFO x: 0.843805134
y: 0.607293487
z: -0.00660658209

2024-11-21T12:10:35.345847+0900 INFO x: 0.905437112
y: 0.524543822
z: -0.0449703336

2024-11-21T12:10:35.427753+0900 INFO x: 0.839728415
y: 0.607539296
z: 0.00309541775

2024-11-21T12:10:35.732907+0900 INFO x: 0.916530192
y: 0.509368896
z: 0.033577688

2024-11-21T12:10:36.131909+0900 INFO x: 0.868052065
y: 0.585328281
z: 0.0201026816

2024-11-21T12:10:36.232463+0900 INFO x: 0.814665198
y: 0.793562472
z: -0.075610958

2024-11-21T12:10:36.327337+0900 INFO x: 0.875599921
y: 0.734716356
z: -0.0266657751

2024-11-21T12:10:38.831714+0900 INFO x: 0.470176607
y: 0.845593
z: -0.064264521

2024-11-21T12:10:38.931597+0900 INFO x: 0.5132128
y: 0.830819488
z: -0.128914088

2024-11-21T12:10:39.031664+0900 INFO x: 0.539219856
y: 0.801587582
z: -0.150630474

2024-11-21T12:10:39.131015+0900 INFO x: 0.56018436
y: 0.784030795
z: -0.156651363

2024-11-21T12:10:39.231044+0900 INFO x: 0.574820876
y: 0.779321194
z: -0.127802268

2024-11-21T12:10:39.331435+0900 INFO x: 0.583577037
y: 0.720041096
z: -0.104334623

2024-11-21T12:10:39.424606+0900 INFO x: 0.587869287
y: 0.685234547
z: -0.0798203722

2024-11-21T12:10:39.531840+0900 INFO x: 0.589404225
y: 0.648439467
z: -0.0785487369

2024-11-21T12:10:39.630777+0900 INFO x: 0.589243472
y: 0.613026202
z: -0.0799394771

2024-11-21T12:10:39.731448+0900 INFO x: 0.584353447
y: 0.578044176
z: -0.0736534223

2024-11-21T12:10:39.830826+0900 INFO x: 0.570413
y: 0.532402813
z: -0.071811147

2024-11-21T12:10:39.930385+0900 INFO x: 0.564820588
y: 0.491537
z: -0.0683992505

2024-11-21T12:10:40.030730+0900 INFO x: 0.555835783
y: 0.45637
z: -0.049639497

2024-11-21T12:10:40.101668+0900 INFO x: 0.542214394
y: 0.443094611
z: -0.0492763929

2024-11-21T12:10:40.207174+0900 INFO x: 0.525124073
y: 0.438961685
z: -0.0448394343

2024-11-21T12:10:40.298998+0900 INFO x: 0.50992471
y: 0.442535728
z: -0.0474053

2024-11-21T12:10:40.408984+0900 INFO x: 0.497978419
y: 0.4454301
z: -0.0425002202

2024-11-21T12:10:40.501556+0900 INFO x: 0.485052466
y: 0.444228888
z: -0.0371046662

2024-11-21T12:10:40.595567+0900 INFO x: 0.477526665
y: 0.456467539
z: -0.0347055644

2024-11-21T12:10:40.697905+0900 INFO x: 0.481886536
y: 0.490329623
z: -0.0394294634

2024-11-21T12:10:40.797040+0900 INFO x: 0.495932
y: 0.544551969
z: -0.0394340977

2024-11-21T12:10:40.897561+0900 INFO x: 0.513881803
y: 0.584451199
z: -0.0440691188

2024-11-21T12:10:40.997064+0900 INFO x: 0.530110657
y: 0.603905141
z: -0.0481091887

2024-11-21T12:10:41.097453+0900 INFO x: 0.541043282
y: 0.619723737
z: -0.0485827364

2024-11-21T12:10:41.195977+0900 INFO x: 0.542562962
y: 0.640839815
z: -0.054203935

2024-11-21T12:10:41.296798+0900 INFO x: 0.54220295
y: 0.693224847
z: -0.0508250259

2024-11-21T12:10:41.390005+0900 INFO x: 0.557551801
y: 0.780359805
z: -0.0743627846

2024-11-21T12:10:41.496356+0900 INFO x: 0.562161684
y: 0.828972578
z: -0.113491423

2024-11-21T12:10:41.596340+0900 INFO x: 0.580843866
y: 0.853925169
z: -0.106299177

2024-11-21T12:10:41.696556+0900 INFO x: 0.601032436
y: 0.827962816
z: -0.106525585

2024-11-21T12:10:41.796097+0900 INFO x: 0.624456406
y: 0.848011315
z: -0.101582669

2024-11-21T12:10:41.896300+0900 INFO x: 0.690336287
y: 0.878713131
z: -0.117960222

2024-11-21T12:10:43.327233+0900 INFO x: 0.83585912
y: 0.824303031
z: -0.0529422536

2024-11-21T12:10:43.422032+0900 INFO x: 0.835714
y: 0.772076666
z: -0.0580088124

2024-11-21T12:10:43.492682+0900 INFO x: 0.82378006
y: 0.742177367
z: -0.0488787033

2024-11-21T12:10:43.595606+0900 INFO x: 0.824323
y: 0.717985213
z: -0.0592398457

2024-11-21T12:10:43.696106+0900 INFO x: 0.802794516
y: 0.687320709
z: -0.0420492813

2024-11-21T12:10:43.795330+0900 INFO x: 0.771143317
y: 0.695356667
z: -0.0670016333

2024-11-21T12:10:43.895567+0900 INFO x: 0.746750593
y: 0.657346845
z: -0.0960016921

2024-11-21T12:10:43.994759+0900 INFO x: 0.718447566
y: 0.642908335
z: -0.0929821804

2024-11-21T12:10:44.095796+0900 INFO x: 0.700656056
y: 0.636603713
z: -0.0913139656

2024-11-21T12:10:44.195721+0900 INFO x: 0.678268075
y: 0.617290258
z: -0.0978217795

2024-11-21T12:10:44.294965+0900 INFO x: 0.652843654
y: 0.576619387
z: -0.0901708454

2024-11-21T12:10:44.389657+0900 INFO x: 0.622315
y: 0.55101186
z: -0.0743216276

2024-11-21T12:10:44.494199+0900 INFO x: 0.582673848
y: 0.535988212
z: -0.0784811229

2024-11-21T12:10:44.594956+0900 INFO x: 0.547694802
y: 0.50562942
z: -0.063595973

2024-11-21T12:10:44.695810+0900 INFO x: 0.523564517
y: 0.474393159
z: -0.0669515431

2024-11-21T12:10:44.795485+0900 INFO x: 0.504333556
y: 0.4408032
z: -0.0569571927

2024-11-21T12:10:44.895402+0900 INFO x: 0.491601914
y: 0.423363
z: -0.0535828397

2024-11-21T12:10:44.994756+0900 INFO x: 0.485549271
y: 0.423285186
z: -0.0571837

2024-11-21T12:10:45.095020+0900 INFO x: 0.479028076
y: 0.429561079
z: -0.0557606593

2024-11-21T12:10:45.195141+0900 INFO x: 0.470278829
y: 0.424910277
z: -0.0510205254

2024-11-21T12:10:45.294604+0900 INFO x: 0.476732254
y: 0.4121
z: -0.0523941964

2024-11-21T12:10:45.389750+0900 INFO x: 0.48485285
y: 0.404370844
z: -0.0506741591

2024-11-21T12:10:45.493277+0900 INFO x: 0.492746055
y: 0.406488597
z: -0.0491218306

2024-11-21T12:10:45.594424+0900 INFO x: 0.504526079
y: 0.415153414
z: -0.0498191

2024-11-21T12:10:45.694711+0900 INFO x: 0.51502949
y: 0.419899523
z: -0.0517960265

2024-11-21T12:10:45.794545+0900 INFO x: 0.526787877
y: 0.430716783
z: -0.0488621742

2024-11-21T12:10:45.894284+0900 INFO x: 0.540917039
y: 0.440432042
z: -0.0485129431

2024-11-21T12:10:45.994566+0900 INFO x: 0.533337831
y: 0.438769519
z: -0.0511962175

2024-11-21T12:10:46.094499+0900 INFO x: 0.51077944
y: 0.445993125
z: -0.0538867936

2024-11-21T12:10:46.193804+0900 INFO x: 0.465188384
y: 0.45175162
z: -0.0824818686

2024-11-21T12:10:46.294181+0900 INFO x: 0.397359
y: 0.443684697
z: -0.0955924392

2024-11-21T12:10:46.389504+0900 INFO x: 0.295920938
y: 0.534477472
z: -0.186230823

2024-11-21T12:10:46.458042+0900 INFO x: 0.308344156
y: 0.623113871
z: -0.257482499

2024-11-21T12:10:46.560955+0900 INFO x: 0.37381798
y: 0.688557923
z: -0.159582779

2024-11-21T12:10:46.660523+0900 INFO x: 0.430906385
y: 0.726992
z: -0.129844

2024-11-21T12:10:46.761084+0900 INFO x: 0.491091698
y: 0.731602073
z: -0.135219976

2024-11-21T12:10:46.860938+0900 INFO x: 0.53971076
y: 0.759105265
z: -0.168954417

2024-11-21T12:10:46.959538+0900 INFO x: 0.554577708
y: 0.763396561
z: -0.181309283

2024-11-21T12:10:47.061022+0900 INFO x: 0.573356628
y: 0.734798074
z: -0.241793483

2024-11-21T12:10:47.160875+0900 INFO x: 0.5744
y: 0.69834888
z: -0.212762699

2024-11-21T12:10:47.260937+0900 INFO x: 0.584695399
y: 0.639162302
z: -0.208644703

2024-11-21T12:10:47.359184+0900 INFO x: 0.567068398
y: 0.573212266
z: -0.188374892

2024-11-21T12:10:47.453306+0900 INFO x: 0.533846498
y: 0.512446225
z: -0.175140306

2024-11-21T12:10:47.525330+0900 INFO x: 0.515496373
y: 0.489907473
z: -0.196025357

2024-11-21T12:10:47.626825+0900 INFO x: 0.493218869
y: 0.465494394
z: -0.200860798

2024-11-21T12:10:47.725883+0900 INFO x: 0.475639254
y: 0.459254026
z: -0.233905673

2024-11-21T12:10:47.826850+0900 INFO x: 0.458075255
y: 0.466081202
z: -0.225382328

2024-11-21T12:10:47.926489+0900 INFO x: 0.434155345
y: 0.445116699
z: -0.1842103

2024-11-21T12:10:48.050622+0900 INFO x: 0.400934875
y: 0.348317921
z: -0.169710591

2024-11-21T12:10:48.124713+0900 INFO x: 0.362946302
y: 0.192693919
z: -0.263019532

2024-11-21T12:10:48.227743+0900 INFO x: 0.317850918
y: 0.100606814
z: -0.129485801

2024-11-21T12:10:48.326471+0900 INFO x: 0.255106
y: 0.00593680888
z: -0.0661602914

2024-11-21T12:10:49.059487+0900 INFO x: -0.00722833164
y: 0.0568848699
z: 0.0551701449

2024-11-21T12:10:49.159286+0900 INFO x: 0.0217811484
y: 0.122731909
z: -0.00564271212

2024-11-21T12:10:49.259228+0900 INFO x: 0.0573704951
y: 0.18670857
z: -0.0498357043

2024-11-21T12:10:49.359267+0900 INFO x: 0.0944482684
y: 0.270100325
z: -0.0774685815

2024-11-21T12:10:49.452693+0900 INFO x: 0.149913251
y: 0.359763712
z: -0.123148784

2024-11-21T12:10:49.523252+0900 INFO x: 0.183951378
y: 0.377786726
z: -0.11709775

2024-11-21T12:10:49.626226+0900 INFO x: 0.217643395
y: 0.427979231
z: -0.139693409

2024-11-21T12:10:49.726066+0900 INFO x: 0.263021827
y: 0.485631585
z: -0.23140651

2024-11-21T12:10:49.826724+0900 INFO x: 0.294271857
y: 0.518182278
z: -0.198612124

2024-11-21T12:10:49.925425+0900 INFO x: 0.342983782
y: 0.559788287
z: -0.183481842

2024-11-21T12:10:50.026123+0900 INFO x: 0.384138703
y: 0.612548351
z: -0.207629532

2024-11-21T12:10:50.125445+0900 INFO x: 0.437992215
y: 0.655337811
z: -0.186278686

2024-11-21T12:10:50.225688+0900 INFO x: 0.469410598
y: 0.683485568
z: -0.234904543

2024-11-21T12:10:50.327531+0900 INFO x: 0.487462342
y: 0.697022557
z: -0.286557317

2024-11-21T12:10:50.419938+0900 INFO x: 0.506014705
y: 0.719493032
z: -0.213885382

2024-11-21T12:10:50.524942+0900 INFO x: 0.524783373
y: 0.721125245
z: -0.180674642

2024-11-21T12:10:50.625728+0900 INFO x: 0.548854947
y: 0.728654802
z: -0.198582739

2024-11-21T12:10:50.724845+0900 INFO x: 0.552219152
y: 0.693111956
z: -0.199732825

2024-11-21T12:10:50.825439+0900 INFO x: 0.547044396
y: 0.665401638
z: -0.19891043

2024-11-21T12:10:50.925755+0900 INFO x: 0.544360697
y: 0.592920482
z: -0.221972302

2024-11-21T12:10:51.025089+0900 INFO x: 0.549439132
y: 0.529242575
z: -0.297502816

2024-11-21T12:10:51.125042+0900 INFO x: 0.558903575
y: 0.472058415
z: -0.330771655

2024-11-21T12:10:51.225807+0900 INFO x: 0.553298652
y: 0.439714789
z: -0.315929055

2024-11-21T12:10:51.325411+0900 INFO x: 0.538697124
y: 0.417204142
z: -0.260003477

2024-11-21T12:10:51.420445+0900 INFO x: 0.52638042
y: 0.394364446
z: -0.286128461

2024-11-21T12:10:51.524275+0900 INFO x: 0.502225757
y: 0.397024244
z: -0.303644

2024-11-21T12:10:51.625841+0900 INFO x: 0.485867709
y: 0.405452281
z: -0.320882529

2024-11-21T12:10:51.725236+0900 INFO x: 0.479035407
y: 0.413974196
z: -0.341560841

2024-11-21T12:10:51.825133+0900 INFO x: 0.485929489
y: 0.418402672
z: -0.346281677

2024-11-21T12:10:51.925289+0900 INFO x: 0.48481974
y: 0.430305362
z: -0.348398477

2024-11-21T12:10:52.025769+0900 INFO x: 0.465530753
y: 0.46671775
z: -0.344486237

2024-11-21T12:10:52.125599+0900 INFO x: 0.462638378
y: 0.466681421
z: -0.344735682

2024-11-21T12:10:52.225016+0900 INFO x: 0.460750967
y: 0.464215815
z: -0.347514063

2024-11-21T12:10:52.325187+0900 INFO x: 0.451059937
y: 0.47656253
z: -0.334352106

2024-11-21T12:10:52.419826+0900 INFO x: 0.456642389
y: 0.474259585
z: -0.345712811

2024-11-21T12:10:52.524320+0900 INFO x: 0.444818377
y: 0.493715167
z: -0.335798174

2024-11-21T12:10:52.625214+0900 INFO x: 0.450216413
y: 0.483288944
z: -0.341706395

2024-11-21T12:10:52.725055+0900 INFO x: 0.460609972
y: 0.466771334
z: -0.348070204

2024-11-21T12:10:52.822440+0900 INFO x: 0.461784631
y: 0.467028648
z: -0.350753695

2024-11-21T12:10:52.925173+0900 INFO x: 0.467569
y: 0.464678347
z: -0.345110595

2024-11-21T12:10:53.024616+0900 INFO x: 0.468523592
y: 0.482658625
z: -0.331388175

2024-11-21T12:10:53.125144+0900 INFO x: 0.478389472
y: 0.474804342
z: -0.347484916

2024-11-21T12:10:53.224748+0900 INFO x: 0.465326
y: 0.508802474
z: -0.34025985

2024-11-21T12:10:53.324888+0900 INFO x: 0.454395503
y: 0.530510187
z: -0.363339871

2024-11-21T12:10:53.419844+0900 INFO x: 0.453225851
y: 0.531014085
z: -0.409227163

2024-11-21T12:10:53.524009+0900 INFO x: 0.442050606
y: 0.536624
z: -0.409958422

2024-11-21T12:10:53.625129+0900 INFO x: 0.461202979
y: 0.494104713
z: -0.485425293

2024-11-21T12:10:53.724658+0900 INFO x: 0.492335171
y: 0.474227428
z: -0.548923254

2024-11-21T12:10:53.825029+0900 INFO x: 0.505472779
y: 0.555111229
z: -0.351654947

2024-11-21T12:10:53.924104+0900 INFO x: 0.574921429
y: 0.537237
z: -0.36593914

2024-11-21T12:10:54.024518+0900 INFO x: 0.56133312
y: 0.510336101
z: -0.208954722

2024-11-21T12:10:54.124581+0900 INFO x: 0.563087404
y: 0.490955561
z: -0.275970936

2024-11-21T12:10:54.224982+0900 INFO x: 0.575600743
y: 0.520440578
z: -0.378536731

2024-11-21T12:10:54.324256+0900 INFO x: 0.531451941
y: 0.62154305
z: -0.314070821

2024-11-21T12:10:54.419660+0900 INFO x: 0.459134847
y: 0.650587201
z: -0.399708718

2024-11-21T12:10:54.523114+0900 INFO x: 0.421010017
y: 0.731179953
z: -0.367125899

2024-11-21T12:10:54.624370+0900 INFO x: 0.406827599
y: 0.755447745
z: -0.432033271

2024-11-21T12:10:54.724626+0900 INFO x: 0.434738815
y: 0.726117611
z: -0.460283309

2024-11-21T12:10:54.824515+0900 INFO x: 0.446660489
y: 0.755820155
z: -0.34907034

2024-11-21T12:10:54.922296+0900 INFO x: 0.474311143
y: 0.745148897
z: -0.306364059

2024-11-21T12:10:55.025021+0900 INFO x: 0.514468074
y: 0.703585744
z: -0.373344958

2024-11-21T12:10:55.256892+0900 INFO x: 0.506091297
y: 0.648023784
z: -0.341396034

2024-11-21T12:10:55.357681+0900 INFO x: 0.518921852
y: 0.633748591
z: -0.416480869

2024-11-21T12:10:55.823976+0900 INFO x: 0.551656365
y: 0.458746016
z: -0.532461822

2024-11-21T12:10:55.924335+0900 INFO x: 0.507479787
y: 0.449109644
z: -0.529437661

2024-11-21T12:10:56.023869+0900 INFO x: 0.457260251
y: 0.453207433
z: -0.489055544

2024-11-21T12:10:56.123769+0900 INFO x: 0.430472016
y: 0.489168823
z: -0.482411712

2024-11-21T12:10:57.957107+0900 INFO x: 0.459036618
y: 0.632001638
z: -0.393263668

2024-11-21T12:10:58.056699+0900 INFO x: 0.446734548
y: 0.644510388
z: -0.387364358

2024-11-21T12:10:58.155700+0900 INFO x: 0.442328125
y: 0.632458687
z: -0.416569412

2024-11-21T12:10:58.256729+0900 INFO x: 0.447146595
y: 0.634508
z: -0.434488118

2024-11-21T12:10:58.356490+0900 INFO x: 0.474935234
y: 0.619582176
z: -0.484841704

2024-11-21T12:10:58.449970+0900 INFO x: 0.48575294
y: 0.645903409
z: -0.44890365

2024-11-21T12:10:58.756312+0900 INFO x: 0.496424317
y: 0.498835742
z: -0.355596095

2024-11-21T12:10:58.855230+0900 INFO x: 0.50380224
y: 0.426255941
z: -0.438610762

2024-11-21T12:10:58.955981+0900 INFO x: 0.510490716
y: 0.504601777
z: -0.356205

2024-11-21T12:10:59.057818+0900 INFO x: 0.519623697
y: 0.502061129
z: -0.427679718

2024-11-21T12:10:59.155521+0900 INFO x: 0.518539786
y: 0.509641647
z: -0.440776646

2024-11-21T12:10:59.255879+0900 INFO x: 0.507727683
y: 0.527983189
z: -0.379454166

2024-11-21T12:10:59.355896+0900 INFO x: 0.500320256
y: 0.500220299
z: -0.379822373

2024-11-21T12:10:59.449401+0900 INFO x: 0.497094721
y: 0.501880407
z: -0.30254364

2024-11-21T12:10:59.554372+0900 INFO x: 0.500184655
y: 0.495119035
z: -0.299503595

2024-11-21T12:10:59.655345+0900 INFO x: 0.503980041
y: 0.485487342
z: -0.325441569

2024-11-21T12:10:59.755611+0900 INFO x: 0.509131491
y: 0.484386027
z: -0.363326579

2024-11-21T12:10:59.855953+0900 INFO x: 0.51433146
y: 0.496334672
z: -0.354900301

2024-11-21T12:10:59.955944+0900 INFO x: 0.511843443
y: 0.492226422
z: -0.411440223

2024-11-21T12:11:00.055748+0900 INFO x: 0.518151402
y: 0.48767066
z: -0.40024364

2024-11-21T12:11:00.155714+0900 INFO x: 0.51588577
y: 0.497244179
z: -0.37708506

2024-11-21T12:11:00.255839+0900 INFO x: 0.514484048
y: 0.495178461
z: -0.370693207

2024-11-21T12:11:00.356069+0900 INFO x: 0.513058484
y: 0.496761143
z: -0.344349504

2024-11-21T12:11:00.449305+0900 INFO x: 0.511790216
y: 0.51799643
z: -0.298571169

2024-11-21T12:11:00.554369+0900 INFO x: 0.506879747
y: 0.534173489
z: -0.313038796

2024-11-21T12:11:00.655493+0900 INFO x: 0.505911291
y: 0.556700528
z: -0.3161847

2024-11-21T12:11:00.755168+0900 INFO x: 0.497481883
y: 0.558007836
z: -0.260996461

2024-11-21T12:11:00.855314+0900 INFO x: 0.498684973
y: 0.550184608
z: -0.327281415

2024-11-21T12:11:00.955399+0900 INFO x: 0.501951516
y: 0.554862559
z: -0.332339048

2024-11-21T12:11:01.054787+0900 INFO x: 0.497624546
y: 0.545939922
z: -0.317228079

2024-11-21T12:11:01.154706+0900 INFO x: 0.497932315
y: 0.550898373
z: -0.323775947

2024-11-21T12:11:01.257745+0900 INFO x: 0.499293119
y: 0.547073841
z: -0.292761594

2024-11-21T12:11:01.355082+0900 INFO x: 0.504994929
y: 0.532975674
z: -0.344287187

2024-11-21T12:11:01.449446+0900 INFO x: 0.505003273
y: 0.537953377
z: -0.312460095

2024-11-21T12:11:01.553929+0900 INFO x: 0.503093123
y: 0.524551451
z: -0.369369417

2024-11-21T12:11:01.653936+0900 INFO x: 0.503856301
y: 0.523820162
z: -0.373959333

2024-11-21T12:11:01.754169+0900 INFO x: 0.504651427
y: 0.516895
z: -0.385859191

2024-11-21T12:11:01.854284+0900 INFO x: 0.509082258
y: 0.52316618
z: -0.353203952

2024-11-21T12:11:01.953802+0900 INFO x: 0.502022743
y: 0.529249549
z: -0.342605323

2024-11-21T12:11:02.054033+0900 INFO x: 0.495468229
y: 0.532884717
z: -0.323121428

2024-11-21T12:11:02.153652+0900 INFO x: 0.500512719
y: 0.539169252
z: -0.309113085

2024-11-21T12:11:02.253876+0900 INFO x: 0.502253592
y: 0.544217169
z: -0.31829828

2024-11-21T12:11:02.353909+0900 INFO x: 0.507158637
y: 0.542931914
z: -0.33407414

2024-11-21T12:11:02.447129+0900 INFO x: 0.503281713
y: 0.570535243
z: -0.278360665

2024-11-21T12:11:02.552069+0900 INFO x: 0.49602586
y: 0.589749932
z: -0.274126053

2024-11-21T12:11:02.653818+0900 INFO x: 0.501907885
y: 0.637329578
z: -0.192125306

2024-11-21T12:11:02.753280+0900 INFO x: 0.526907325
y: 0.660947323
z: -0.171763763

2024-11-21T12:11:02.864732+0900 INFO x: 0.505356789
y: 0.659247279
z: -0.16438891

2024-11-21T12:11:02.953440+0900 INFO x: 0.482240975
y: 0.670277417
z: -0.145276859

2024-11-21T12:11:03.054527+0900 INFO x: 0.446138263
y: 0.693505526
z: -0.154383093

2024-11-21T12:11:03.152402+0900 INFO x: 0.421097368
y: 0.70223552
z: -0.192805856

2024-11-21T12:11:03.255057+0900 INFO x: 0.422730595
y: 0.683968842
z: -0.193604857

2024-11-21T12:11:03.353528+0900 INFO x: 0.411270082
y: 0.645446539
z: -0.188673958

2024-11-21T12:11:03.448718+0900 INFO x: 0.390974432
y: 0.613124609
z: -0.238039285

2024-11-21T12:11:03.552648+0900 INFO x: 0.361268044
y: 0.623304486
z: -0.315331578

2024-11-21T12:11:03.654410+0900 INFO x: 0.345511824
y: 0.708724439
z: -0.256961

2024-11-21T12:11:03.754335+0900 INFO x: 0.314585298
y: 0.75579083
z: -0.162445039

2024-11-21T12:11:03.853839+0900 INFO x: 0.305289239
y: 0.745434284
z: -0.137148723

2024-11-21T12:11:03.953964+0900 INFO x: 0.32155174
y: 0.695894718
z: -0.128165886

2024-11-21T12:11:04.052145+0900 INFO x: 0.350131392
y: 0.599671185
z: -0.268471926

2024-11-21T12:11:04.154412+0900 INFO x: 0.367533743
y: 0.541807413
z: -0.15639396

2024-11-21T12:11:04.253813+0900 INFO x: 0.368214
y: 0.505768657
z: -0.181237534

2024-11-21T12:11:04.353032+0900 INFO x: 0.373400807
y: 0.548827171
z: -0.15199405

2024-11-21T12:11:04.449462+0900 INFO x: 0.393158346
y: 0.640563309
z: -0.120729521

2024-11-21T12:11:04.549037+0900 INFO x: 0.434621811
y: 0.782875359
z: -0.102613181

2024-11-21T12:11:04.654723+0900 INFO x: 0.49433136
y: 0.95538342
z: -0.146886081

2024-11-21T12:11:04.753628+0900 INFO x: 0.536266804
y: 0.959858358
z: -0.0647176802

2024-11-21T12:11:04.919919+0900 INFO x: 0.502128124
y: 0.99769932
z: -0.0878721178

2024-11-21T12:11:05.020282+0900 INFO x: 0.453924477
y: 0.934856534
z: -0.123148263

2024-11-21T12:11:05.120331+0900 INFO x: 0.506897092
y: 0.905042112
z: -0.105484448

2024-11-21T12:11:05.220551+0900 INFO x: 0.525074959
y: 0.953638673
z: -0.107808635

2024-11-21T12:11:05.386016+0900 INFO x: 0.433613688
y: 0.902995
z: -0.0533677824

2024-11-21T12:11:05.481900+0900 INFO x: 0.377458781
y: 0.860281467
z: -0.0314360745

2024-11-21T12:11:05.585834+0900 INFO x: 0.341228634
y: 0.796151459
z: -0.0326470956

2024-11-21T12:11:05.686952+0900 INFO x: 0.325737238
y: 0.745588303
z: -0.0255797654

2024-11-21T12:11:05.787269+0900 INFO x: 0.325208187
y: 0.691297591
z: -0.023142945

2024-11-21T12:11:05.886778+0900 INFO x: 0.340346545
y: 0.628105283
z: -0.027348062

2024-11-21T12:11:05.986669+0900 INFO x: 0.363169104
y: 0.576864719
z: -0.028259946

2024-11-21T12:11:06.086724+0900 INFO x: 0.373940021
y: 0.533463836
z: -0.0313686579

2024-11-21T12:11:06.186388+0900 INFO x: 0.377626538
y: 0.491542369
z: -0.0340769179

2024-11-21T12:11:06.286660+0900 INFO x: 0.397757649
y: 0.447126895
z: -0.0290409811

2024-11-21T12:11:06.386197+0900 INFO x: 0.433743805
y: 0.408701658
z: -0.0287866034

2024-11-21T12:11:06.479861+0900 INFO x: 0.472922772
y: 0.379966259
z: -0.0326815881

2024-11-21T12:11:06.584903+0900 INFO x: 0.513782203
y: 0.363362521
z: -0.0275551211

2024-11-21T12:11:06.686333+0900 INFO x: 0.538009167
y: 0.358895034
z: -0.0276601706

2024-11-21T12:11:06.784855+0900 INFO x: 0.562636912
y: 0.360488862
z: -0.0267965961

2024-11-21T12:11:06.886448+0900 INFO x: 0.592955291
y: 0.373256385
z: -0.0256988741

2024-11-21T12:11:06.986226+0900 INFO x: 0.628533363
y: 0.405418277
z: -0.0222029593

2024-11-21T12:11:07.084939+0900 INFO x: 0.648062348
y: 0.454761863
z: -0.032471668

2024-11-21T12:11:07.186227+0900 INFO x: 0.570126355
y: 0.497325271
z: -0.0260264706

2024-11-21T12:11:07.286072+0900 INFO x: 0.4623276
y: 0.670349956
z: 0.00942763872

2024-11-21T12:11:26.410040+0900 INFO x: 0.44594869
y: 0.699670732
z: -0.0498207659

2024-11-21T12:11:26.506372+0900 INFO x: 0.444805473
y: 0.599892855
z: -0.0603492856

2024-11-21T12:11:26.604578+0900 INFO x: 0.452712446
y: 0.528489411
z: -0.0514681861

2024-11-21T12:11:26.710974+0900 INFO x: 0.463938177
y: 0.49035877
z: -0.0518606044

2024-11-21T12:11:26.808526+0900 INFO x: 0.47365433
y: 0.465546042
z: -0.0524780042

2024-11-21T12:11:26.909195+0900 INFO x: 0.480105
y: 0.44827351
z: -0.0494877696

2024-11-21T12:11:27.009339+0900 INFO x: 0.477757215
y: 0.426613748
z: -0.0463461168

2024-11-21T12:11:27.109144+0900 INFO x: 0.462908268
y: 0.402833909
z: -0.0440342762

2024-11-21T12:11:27.209570+0900 INFO x: 0.440941274
y: 0.393909276
z: -0.040833313

2024-11-21T12:11:27.309423+0900 INFO x: 0.425915331
y: 0.392816633
z: -0.0339793

2024-11-21T12:11:27.408927+0900 INFO x: 0.421920836
y: 0.397103369
z: -0.0298289172

2024-11-21T12:11:27.504187+0900 INFO x: 0.411179483
y: 0.401816905
z: -0.0263808668

2024-11-21T12:11:27.603874+0900 INFO x: 0.38820076
y: 0.410930842
z: -0.0306102652

2024-11-21T12:11:27.709794+0900 INFO x: 0.369213223
y: 0.44712308
z: -0.059859246

2024-11-21T12:11:27.809464+0900 INFO x: 0.39336431
y: 0.484678954
z: -0.0613911226

2024-11-21T12:11:27.908736+0900 INFO x: 0.422911912
y: 0.508814096
z: -0.0556716658

2024-11-21T12:11:28.014142+0900 INFO x: 0.454515189
y: 0.522772253
z: -0.0424634069

2024-11-21T12:11:28.108447+0900 INFO x: 0.487273872
y: 0.554423273
z: -0.0358489528

2024-11-21T12:11:28.209498+0900 INFO x: 0.524595
y: 0.58853972
z: -0.0320394598

2024-11-21T12:11:28.308337+0900 INFO x: 0.555849314
y: 0.615509391
z: -0.0377220511

2024-11-21T12:11:28.408741+0900 INFO x: 0.577067494
y: 0.626098275
z: -0.0308620222

2024-11-21T12:11:28.509088+0900 INFO x: 0.600465715
y: 0.63678807
z: -0.0277103782

2024-11-21T12:11:28.603229+0900 INFO x: 0.618500531
y: 0.644571185
z: -0.0294933151

2024-11-21T12:11:28.673491+0900 INFO x: 0.623986244
y: 0.64530617
z: -0.0301044174

2024-11-21T12:11:28.775534+0900 INFO x: 0.623966038
y: 0.646587372
z: -0.0303324834

2024-11-21T12:11:28.875019+0900 INFO x: 0.630308747
y: 0.665352821
z: -0.0332139395

2024-11-21T12:11:28.975324+0900 INFO x: 0.638632059
y: 0.692875385
z: -0.040291518

2024-11-21T12:11:29.075273+0900 INFO x: 0.642838717
y: 0.745018
z: -0.0381544605

2024-11-21T12:11:29.175052+0900 INFO x: 0.63384676
y: 0.775897384
z: -0.0478841

2024-11-21T12:11:29.275718+0900 INFO x: 0.628707349
y: 0.795214415
z: -0.0496632941

2024-11-21T12:11:29.375180+0900 INFO x: 0.638082
y: 0.792621911
z: -0.0531183854

2024-11-21T12:11:29.475562+0900 INFO x: 0.643825054
y: 0.821723938
z: -0.0523331501

2024-11-21T12:11:29.569583+0900 INFO x: 0.622230291
y: 0.844992816
z: -0.0450099185

2024-11-21T12:11:29.674912+0900 INFO x: 0.579275608
y: 0.843318
z: -0.0598193817

2024-11-21T12:11:29.775124+0900 INFO x: 0.526014507
y: 0.840156734
z: -0.0465399139

2024-11-21T12:11:29.893948+0900 INFO x: 0.486284375
y: 0.823264837
z: -0.0398433693

2024-11-21T12:11:29.973636+0900 INFO x: 0.446536511
y: 0.809993923
z: -0.0386368521

2024-11-21T12:11:30.075411+0900 INFO x: 0.40336892
y: 0.792798042
z: -0.0307243727

2024-11-21T12:11:30.174693+0900 INFO x: 0.365571499
y: 0.778013
z: -0.0244748

2024-11-21T12:11:30.275129+0900 INFO x: 0.339020669
y: 0.76099062
z: -0.0224160589

2024-11-21T12:11:30.374922+0900 INFO x: 0.311060876
y: 0.746236086
z: -0.0192746669

2024-11-21T12:11:30.474696+0900 INFO x: 0.289659023
y: 0.716069281
z: -0.0181303956

2024-11-21T12:11:30.569496+0900 INFO x: 0.279687434
y: 0.676220775
z: -0.02233354

2024-11-21T12:11:30.674193+0900 INFO x: 0.263266653
y: 0.634122252
z: -0.0201153941

2024-11-21T12:11:30.774615+0900 INFO x: 0.24763903
y: 0.574103832
z: -0.0164388157

2024-11-21T12:11:30.875294+0900 INFO x: 0.23632732
y: 0.514634609
z: -0.0175551698

2024-11-21T12:11:30.972169+0900 INFO x: 0.223946542
y: 0.460748166
z: -0.021208927

2024-11-21T12:11:31.074449+0900 INFO x: 0.212429419
y: 0.414165616
z: -0.0203189366

2024-11-21T12:11:31.174830+0900 INFO x: 0.209272504
y: 0.366547197
z: -0.0185540188

2024-11-21T12:11:31.274996+0900 INFO x: 0.207876235
y: 0.325521767
z: -0.0211524256

2024-11-21T12:11:31.374483+0900 INFO x: 0.210557729
y: 0.292847723
z: -0.0272057317

2024-11-21T12:11:31.474611+0900 INFO x: 0.210478559
y: 0.275523394
z: -0.029090222

2024-11-21T12:11:31.569194+0900 INFO x: 0.22324267
y: 0.26809442
z: -0.0301374178

2024-11-21T12:11:31.674250+0900 INFO x: 0.246542349
y: 0.254730433
z: -0.0345186

2024-11-21T12:11:31.774620+0900 INFO x: 0.277581543
y: 0.238884822
z: -0.0295071863

2024-11-21T12:11:31.874940+0900 INFO x: 0.304607481
y: 0.224018767
z: -0.0294067208

2024-11-21T12:11:31.973335+0900 INFO x: 0.333095491
y: 0.211054698
z: -0.025582917

2024-11-21T12:11:32.074449+0900 INFO x: 0.364710391
y: 0.211800545
z: -0.0246332902

2024-11-21T12:11:32.174064+0900 INFO x: 0.391657948
y: 0.219017938
z: -0.0272972323

2024-11-21T12:11:32.273928+0900 INFO x: 0.41112867
y: 0.219987184
z: -0.02401793

2024-11-21T12:11:32.374679+0900 INFO x: 0.434149832
y: 0.217844129
z: -0.021501936

2024-11-21T12:11:32.471247+0900 INFO x: 0.46522817
y: 0.201328516
z: -0.021123521

2024-11-21T12:11:32.568944+0900 INFO x: 0.505160213
y: 0.17952466
z: -0.0180139747

2024-11-21T12:11:32.673961+0900 INFO x: 0.542879641
y: 0.166485697
z: -0.0174210183

2024-11-21T12:11:32.773835+0900 INFO x: 0.560743511
y: 0.170629412
z: -0.017163204

2024-11-21T12:11:32.874720+0900 INFO x: 0.538098872
y: 0.181353986
z: -0.0221711807

2024-11-21T12:11:32.974023+0900 INFO x: 0.511073172
y: 0.204487517
z: -0.0212279689

2024-11-21T12:11:33.070507+0900 INFO x: 0.508826435
y: 0.249908686
z: -0.0227048565

2024-11-21T12:11:33.174257+0900 INFO x: 0.533239067
y: 0.319598347
z: -0.0215339884

2024-11-21T12:11:33.274078+0900 INFO x: 0.545999825
y: 0.400770783
z: -0.0227825567

2024-11-21T12:11:33.373902+0900 INFO x: 0.526035547
y: 0.480197161
z: -0.0295087062

2024-11-21T12:11:33.473993+0900 INFO x: 0.515670598
y: 0.550692797
z: -0.0321012028

2024-11-21T12:11:33.568757+0900 INFO x: 0.533631861
y: 0.612475753
z: -0.03556595

2024-11-21T12:11:33.673398+0900 INFO x: 0.537294447
y: 0.656065
z: -0.0345194302

2024-11-21T12:11:33.772787+0900 INFO x: 0.535156548
y: 0.688757181
z: -0.0384308584

2024-11-21T12:11:33.873902+0900 INFO x: 0.545376062
y: 0.717782617
z: -0.0405526981

2024-11-21T12:11:33.973489+0900 INFO x: 0.566261351
y: 0.737333059
z: -0.0453753807

2024-11-21T12:11:34.073848+0900 INFO x: 0.595872045
y: 0.742453158
z: -0.0381796733

2024-11-21T12:11:34.173973+0900 INFO x: 0.616007924
y: 0.739892781
z: -0.0454242751

2024-11-21T12:11:34.272868+0900 INFO x: 0.631680489
y: 0.725582719
z: -0.0435258932

2024-11-21T12:11:34.373846+0900 INFO x: 0.650606
y: 0.705585957
z: -0.0402523503

2024-11-21T12:11:34.473205+0900 INFO x: 0.661762774
y: 0.687911928
z: -0.0482453369

2024-11-21T12:11:34.568406+0900 INFO x: 0.683951378
y: 0.674678
z: -0.041690331

2024-11-21T12:11:34.673526+0900 INFO x: 0.69243592
y: 0.667101562
z: -0.0475956723

2024-11-21T12:11:34.773969+0900 INFO x: 0.675531805
y: 0.608783722
z: -0.0360756926

2024-11-21T12:11:34.873430+0900 INFO x: 0.624756277
y: 0.540925205
z: -0.0013551655

2024-11-21T12:11:34.974090+0900 INFO x: 0.573136568
y: 0.489218503
z: -0.0333102867

2024-11-21T12:11:35.072847+0900 INFO x: 0.537262082
y: 0.423400044
z: -0.0306980256

2024-11-21T12:11:35.174915+0900 INFO x: 0.510017455
y: 0.399878561
z: -0.0327120945

2024-11-21T12:11:35.273472+0900 INFO x: 0.492483616
y: 0.389153033
z: -0.026062144

2024-11-21T12:11:35.372302+0900 INFO x: 0.48243323
y: 0.38374126
z: -0.0237448793

2024-11-21T12:11:35.472901+0900 INFO x: 0.479000181
y: 0.383332521
z: -0.0248210952

2024-11-21T12:11:35.568190+0900 INFO x: 0.479850054
y: 0.389606476
z: -0.0233228356

2024-11-21T12:11:35.672945+0900 INFO x: 0.490909219
y: 0.396438152
z: -0.0215076581

2024-11-21T12:11:35.771587+0900 INFO x: 0.51460433
y: 0.40948534
z: -0.0226088241

2024-11-21T12:11:35.873785+0900 INFO x: 0.53905797
y: 0.430555582
z: -0.0215470102

2024-11-21T12:11:35.973193+0900 INFO x: 0.56224227
y: 0.455777049
z: -0.0240000561

2024-11-21T12:11:36.072598+0900 INFO x: 0.571904302
y: 0.471106499
z: -0.0188541748

2024-11-21T12:11:36.172746+0900 INFO x: 0.571958721
y: 0.479969025
z: -0.0200401861

2024-11-21T12:11:36.273145+0900 INFO x: 0.569129407
y: 0.477301836
z: -0.0228820406

2024-11-21T12:11:36.372012+0900 INFO x: 0.563579261
y: 0.473569
z: -0.0209029075

2024-11-21T12:11:36.472761+0900 INFO x: 0.557282865
y: 0.469504356
z: -0.0187557172

2024-11-21T12:11:36.568150+0900 INFO x: 0.554912448
y: 0.467583716
z: -0.0205383375

2024-11-21T12:11:36.671029+0900 INFO x: 0.555140197
y: 0.467424273
z: -0.0208120085

2024-11-21T12:11:36.773025+0900 INFO x: 0.551355124
y: 0.468891323
z: -0.0195020642

2024-11-21T12:11:36.872350+0900 INFO x: 0.546868265
y: 0.470428795
z: -0.0183942541

2024-11-21T12:11:36.973292+0900 INFO x: 0.543426216
y: 0.467688441
z: -0.0202477407

2024-11-21T12:11:37.069108+0900 INFO x: 0.543097913
y: 0.464444667
z: -0.0203573871

2024-11-21T12:11:37.173302+0900 INFO x: 0.541426301
y: 0.463177383
z: -0.0209346078

2024-11-21T12:11:37.273628+0900 INFO x: 0.541434824
y: 0.468233943
z: -0.0205932073

2024-11-21T12:11:37.372072+0900 INFO x: 0.540620744
y: 0.469350487
z: -0.0188252833

2024-11-21T12:11:37.473074+0900 INFO x: 0.54107374
y: 0.467536151
z: -0.0191240814

2024-11-21T12:11:37.566940+0900 INFO x: 0.539401054
y: 0.464357704
z: -0.0188983753

2024-11-21T12:11:37.668944+0900 INFO x: 0.538433433
y: 0.462936342
z: -0.018529702

2024-11-21T12:11:37.772498+0900 INFO x: 0.539998293
y: 0.462841511
z: -0.0188274458

2024-11-21T12:11:37.872318+0900 INFO x: 0.539125204
y: 0.46511063
z: -0.019758502

2024-11-21T12:11:37.972469+0900 INFO x: 0.539670527
y: 0.465270311
z: -0.0219531804

2024-11-21T12:11:38.072772+0900 INFO x: 0.540218413
y: 0.464508861
z: -0.0223869625

2024-11-21T12:11:38.171632+0900 INFO x: 0.538182259
y: 0.467048913
z: -0.0189974662

2024-11-21T12:11:38.271974+0900 INFO x: 0.537547886
y: 0.467698574
z: -0.0196817294

2024-11-21T12:11:38.372136+0900 INFO x: 0.534924209
y: 0.4641473
z: -0.018349966

2024-11-21T12:11:38.471495+0900 INFO x: 0.534022629
y: 0.46047467
z: -0.0177996438

2024-11-21T12:11:38.567751+0900 INFO x: 0.533413649
y: 0.460136682
z: -0.0188063812

2024-11-21T12:11:38.668771+0900 INFO x: 0.528002739
y: 0.459502816
z: -0.018962549

2024-11-21T12:11:38.772222+0900 INFO x: 0.51914537
y: 0.456398249
z: -0.0192582123

2024-11-21T12:11:38.870817+0900 INFO x: 0.50726229
y: 0.449748605
z: -0.0183820352

2024-11-21T12:11:38.971891+0900 INFO x: 0.500550807
y: 0.444958091
z: -0.0143004991

2024-11-21T12:11:39.072119+0900 INFO x: 0.490063429
y: 0.43871817
z: -0.0175112374

2024-11-21T12:11:39.171553+0900 INFO x: 0.486403525
y: 0.436302125
z: -0.0180424824

2024-11-21T12:11:39.271820+0900 INFO x: 0.483568698
y: 0.438115388
z: -0.0177408103

2024-11-21T12:11:39.371186+0900 INFO x: 0.483650655
y: 0.439187109
z: -0.017245695

2024-11-21T12:11:39.471416+0900 INFO x: 0.483487606
y: 0.442188114
z: -0.0168646313

2024-11-21T12:11:39.566101+0900 INFO x: 0.48631227
y: 0.442728668
z: -0.0167354736

2024-11-21T12:11:39.667027+0900 INFO x: 0.493546367
y: 0.443808645
z: -0.0155797629

2024-11-21T12:11:39.771388+0900 INFO x: 0.499137521
y: 0.442390978
z: -0.0145172086

2024-11-21T12:11:39.871843+0900 INFO x: 0.500668287
y: 0.445587516
z: -0.0159335043

2024-11-21T12:11:39.971388+0900 INFO x: 0.49927929
y: 0.444693208
z: -0.0151945073

2024-11-21T12:11:40.072331+0900 INFO x: 0.498688877
y: 0.445080757
z: -0.0148897

2024-11-21T12:11:40.170435+0900 INFO x: 0.501041234
y: 0.449492186
z: -0.0151563

2024-11-21T12:11:40.270897+0900 INFO x: 0.500263
y: 0.445545614
z: -0.0180014092

2024-11-21T12:11:40.371016+0900 INFO x: 0.499431074
y: 0.436710984
z: -0.0172409434

2024-11-21T12:11:40.470272+0900 INFO x: 0.500737309
y: 0.432516068
z: -0.0171778537

2024-11-21T12:11:40.564928+0900 INFO x: 0.498106539
y: 0.412301779
z: -0.0163622443

2024-11-21T12:11:40.666015+0900 INFO x: 0.490048081
y: 0.342888236
z: -0.0182916913

2024-11-21T12:11:40.771166+0900 INFO x: 0.506230712
y: 0.27948311
z: -0.0205935556

2024-11-21T12:11:40.871783+0900 INFO x: 0.549972951
y: 0.248230621
z: -0.0194015671

2024-11-21T12:11:40.970149+0900 INFO x: 0.598757327
y: 0.235742733
z: -0.0137831476

2024-11-21T12:11:41.071196+0900 INFO x: 0.642948031
y: 0.220442653
z: -0.0203333292

2024-11-21T12:11:41.170489+0900 INFO x: 0.676322699
y: 0.202814087
z: -0.0195331685

2024-11-21T12:11:41.270479+0900 INFO x: 0.7072891
y: 0.191014826
z: -0.0101509467

2024-11-21T12:11:41.370954+0900 INFO x: 0.740158617
y: 0.189017087
z: -0.00512245

2024-11-21T12:11:41.469511+0900 INFO x: 0.780494511
y: 0.202654272
z: 3.41733539e-05

2024-11-21T12:11:41.564995+0900 INFO x: 0.82112354
y: 0.217420429
z: -0.00845405

2024-11-21T12:11:41.665196+0900 INFO x: 0.85145992
y: 0.241116852
z: -0.00681957183

2024-11-21T12:11:41.770959+0900 INFO x: 0.873938203
y: 0.278732777
z: -0.00559826195

2024-11-21T12:11:41.871164+0900 INFO x: 0.882171214
y: 0.331105381
z: 0.00572361611

2024-11-21T12:11:41.970254+0900 INFO x: 0.882582545
y: 0.392492682
z: -0.00502588693

2024-11-21T12:11:42.070605+0900 INFO x: 0.881455243
y: 0.44308883
z: -0.0132917361

2024-11-21T12:11:42.171217+0900 INFO x: 0.874515653
y: 0.489376605
z: -0.019813396

2024-11-21T12:11:42.269935+0900 INFO x: 0.866522849
y: 0.540722132
z: -0.017672915

2024-11-21T12:11:42.369834+0900 INFO x: 0.860296249
y: 0.601580501
z: -0.0145404143

2024-11-21T12:11:42.470380+0900 INFO x: 0.854432106
y: 0.647011042
z: -0.0161347482

2024-11-21T12:11:42.566515+0900 INFO x: 0.845422745
y: 0.687426925
z: -0.0232313443

2024-11-21T12:11:42.664619+0900 INFO x: 0.842498362
y: 0.728011489
z: -0.0142430952

2024-11-21T12:11:42.770685+0900 INFO x: 0.836235404
y: 0.785298645
z: -0.0225267373

2024-11-21T12:11:42.870604+0900 INFO x: 0.839082241
y: 0.820040941
z: -0.0620799735

2024-11-21T12:11:42.969759+0900 INFO x: 0.771940529
y: 0.862175345
z: -0.0767946243

2024-11-21T12:11:43.069914+0900 INFO x: 0.726049125
y: 0.834301889
z: -0.14239414

2024-11-21T12:11:43.170553+0900 INFO x: 0.6622715
y: 0.83540839
z: -0.089465335

2024-11-21T12:11:43.268935+0900 INFO x: 0.609937966
y: 0.830289423
z: -0.0766431242

2024-11-21T12:11:43.370229+0900 INFO x: 0.559353232
y: 0.826228321
z: -0.0681618452

2024-11-21T12:11:43.468953+0900 INFO x: 0.498042196
y: 0.822419
z: -0.0591790751

2024-11-21T12:11:43.567873+0900 INFO x: 0.453823686
y: 0.820807874
z: -0.0587075427

2024-11-21T12:11:43.662470+0900 INFO x: 0.409704268
y: 0.809016943
z: -0.0531648584

2024-11-21T12:11:43.734323+0900 INFO x: 0.379919648
y: 0.800155044
z: -0.0545371398

2024-11-21T12:11:43.835796+0900 INFO x: 0.336762846
y: 0.783744693
z: -0.0504181869

2024-11-21T12:11:43.937030+0900 INFO x: 0.292518198
y: 0.757643282
z: -0.0475861132

2024-11-21T12:11:44.035780+0900 INFO x: 0.273590058
y: 0.721160948
z: -0.032194674

2024-11-21T12:11:44.136482+0900 INFO x: 0.295754313
y: 0.668667316
z: -0.0304803681

2024-11-21T12:11:44.234991+0900 INFO x: 0.342014849
y: 0.616539717
z: -0.0249638986

2024-11-21T12:11:44.336330+0900 INFO x: 0.39823091
y: 0.588350892
z: -0.027496675

2024-11-21T12:11:44.435517+0900 INFO x: 0.441640735
y: 0.568092346
z: -0.0272819772

2024-11-21T12:11:44.536284+0900 INFO x: 0.466042161
y: 0.551675498
z: -0.0293529797

2024-11-21T12:11:44.629703+0900 INFO x: 0.479697406
y: 0.533617079
z: -0.0319031365

2024-11-21T12:11:44.700536+0900 INFO x: 0.490707725
y: 0.524331033
z: -0.0319616422

2024-11-21T12:11:44.803228+0900 INFO x: 0.50605005
y: 0.511492968
z: -0.0297589

2024-11-21T12:11:44.902324+0900 INFO x: 0.517225325
y: 0.504857779
z: -0.030613536

2024-11-21T12:11:45.003033+0900 INFO x: 0.520464778
y: 0.509835899
z: -0.031031739

2024-11-21T12:11:45.103001+0900 INFO x: 0.522599339
y: 0.52290082
z: -0.0327732116

2024-11-21T12:11:45.201798+0900 INFO x: 0.523810387
y: 0.536901653
z: -0.035133753

2024-11-21T12:11:45.301973+0900 INFO x: 0.520435452
y: 0.544490397
z: -0.0330197252

2024-11-21T12:11:45.401949+0900 INFO x: 0.513799965
y: 0.549471855
z: -0.0317870677

2024-11-21T12:11:45.502652+0900 INFO x: 0.505278468
y: 0.555871904
z: -0.0288489982

2024-11-21T12:11:45.597855+0900 INFO x: 0.498953193
y: 0.565798879
z: -0.0279654972

2024-11-21T12:11:45.700221+0900 INFO x: 0.490529984
y: 0.576586664
z: -0.030100761

2024-11-21T12:11:45.799368+0900 INFO x: 0.468290806
y: 0.612529159
z: -0.0314585231

2024-11-21T12:11:45.902620+0900 INFO x: 0.430303842
y: 0.686920524
z: -0.0102363853

2024-11-21T12:11:52.118104+0900 INFO カメラとウィンドウリソースを解放しました
2024-11-23T00:58:30.880558+0900 INFO 入力IDは0,出力IDは1です
2024-11-23T00:58:32.192916+0900 INFO x: 0.635636747
y: 0.756536365
z: -0.107722819

2024-11-23T00:58:32.291975+0900 INFO x: 0.556127071
y: 0.746632636
z: -0.0857171

2024-11-23T00:58:32.392896+0900 INFO x: 0.537242591
y: 0.694703639
z: -0.0716075525

2024-11-23T00:58:32.493078+0900 INFO x: 0.527829
y: 0.665803313
z: -0.0594615564

2024-11-23T00:58:32.591560+0900 INFO x: 0.535739779
y: 0.654793918
z: -0.0503594242

2024-11-23T00:58:32.692076+0900 INFO x: 0.539391041
y: 0.657178879
z: -0.0478639603

2024-11-23T00:58:32.792935+0900 INFO x: 0.536872
y: 0.660164773
z: -0.0481862202

2024-11-23T00:58:32.892446+0900 INFO x: 0.52959013
y: 0.642397165
z: -0.0518006906

2024-11-23T00:58:32.995245+0900 INFO x: 0.510521173
y: 0.596668243
z: -0.0438813306

2024-11-23T00:58:33.088823+0900 INFO x: 0.506070375
y: 0.532995164
z: -0.0362611935

2024-11-23T00:58:33.159957+0900 INFO x: 0.508652031
y: 0.498515278
z: -0.0279339813

2024-11-23T00:58:33.261247+0900 INFO x: 0.511564314
y: 0.465631038
z: -0.0220328607

2024-11-23T00:58:33.357512+0900 INFO x: 0.511249304
y: 0.452164203
z: -0.0189832114

2024-11-23T00:58:33.457855+0900 INFO x: 0.514817
y: 0.44998467
z: -0.0154246632

2024-11-23T00:58:33.558174+0900 INFO x: 0.518688619
y: 0.456927389
z: -0.0142667936

2024-11-23T00:58:33.659327+0900 INFO x: 0.519812763
y: 0.474857897
z: -0.0133026559

2024-11-23T00:58:33.758351+0900 INFO x: 0.521528065
y: 0.493746161
z: -0.0170962401

2024-11-23T00:58:33.857821+0900 INFO x: 0.525901
y: 0.525426805
z: -0.0239312332

2024-11-23T00:58:33.957918+0900 INFO x: 0.521190405
y: 0.635235488
z: -0.010455071

2024-11-23T00:58:40.022030+0900 INFO x: 0.49616
y: 0.702922344
z: -0.0483761951

2024-11-23T00:58:40.122099+0900 INFO x: 0.489383161
y: 0.639343798
z: -0.0519334376

2024-11-23T00:58:40.223128+0900 INFO x: 0.479809463
y: 0.580618441
z: -0.0431762487

2024-11-23T00:58:40.322659+0900 INFO x: 0.484990597
y: 0.541405797
z: -0.0425849929

2024-11-23T00:58:40.422877+0900 INFO x: 0.491278052
y: 0.513363779
z: -0.0343660563

2024-11-23T00:58:40.522329+0900 INFO x: 0.500490606
y: 0.495174259
z: -0.0332148448

2024-11-23T00:58:40.622794+0900 INFO x: 0.505830228
y: 0.487671703
z: -0.0310523473

2024-11-23T00:58:40.723229+0900 INFO x: 0.511526465
y: 0.492169052
z: -0.0266348626

2024-11-23T00:58:40.822348+0900 INFO x: 0.515514135
y: 0.503505886
z: -0.0318747051

2024-11-23T00:58:40.922950+0900 INFO x: 0.521455884
y: 0.512353957
z: -0.0273974594

2024-11-23T00:58:41.021230+0900 INFO x: 0.528306067
y: 0.518372476
z: -0.024759613

2024-11-23T00:58:41.120335+0900 INFO x: 0.532703459
y: 0.518070221
z: -0.0254528318

2024-11-23T00:58:41.222678+0900 INFO x: 0.53967005
y: 0.51527971
z: -0.0239428822

2024-11-23T00:58:41.322205+0900 INFO x: 0.549212158
y: 0.514888883
z: -0.025110675

2024-11-23T00:58:41.417272+0900 INFO x: 0.553620398
y: 0.513925433
z: -0.021499671

2024-11-23T00:58:41.521551+0900 INFO x: 0.55560571
y: 0.520089447
z: -0.025878042

2024-11-23T00:58:41.622345+0900 INFO x: 0.556944788
y: 0.535493135
z: -0.0247892644

2024-11-23T00:58:41.722799+0900 INFO x: 0.558970094
y: 0.569999516
z: -0.0261083189

2024-11-23T00:58:41.822371+0900 INFO x: 0.560299098
y: 0.616322398
z: -0.0262930263

2024-11-23T00:58:41.921777+0900 INFO x: 0.565917373
y: 0.657704532
z: -0.0252303593

2024-11-23T00:58:42.022178+0900 INFO x: 0.576179206
y: 0.695508242
z: -0.0291843787

2024-11-23T00:58:42.122041+0900 INFO x: 0.589327395
y: 0.729128
z: -0.0316690467

2024-11-23T00:58:42.221955+0900 INFO x: 0.591033578
y: 0.758656561
z: -0.0337086767

2024-11-23T00:58:42.322068+0900 INFO x: 0.595673203
y: 0.772110879
z: -0.0402587093

2024-11-23T00:58:42.420679+0900 INFO x: 0.599522412
y: 0.780209899
z: -0.0421191305

2024-11-23T00:58:42.522032+0900 INFO x: 0.602244556
y: 0.787091494
z: -0.043033395

2024-11-23T00:58:42.621697+0900 INFO x: 0.606274903
y: 0.804456592
z: -0.0440511964

2024-11-23T00:58:42.721837+0900 INFO x: 0.611897409
y: 0.823940039
z: -0.0675196

2024-11-23T00:58:42.822203+0900 INFO x: 0.631580234
y: 0.845875859
z: -0.0893631727

2024-11-23T00:58:42.922121+0900 INFO x: 0.635188699
y: 0.843700945
z: -0.0759149

2024-11-23T00:58:43.022090+0900 INFO x: 0.610818326
y: 0.806345165
z: -0.0795955732

2024-11-23T00:58:43.187410+0900 INFO x: 0.591589928
y: 0.768288374
z: -0.0457364023

2024-11-23T00:58:43.288604+0900 INFO x: 0.584455073
y: 0.692711174
z: -0.0331189409

2024-11-23T00:58:43.388288+0900 INFO x: 0.57332772
y: 0.63503468
z: -0.0351186246

2024-11-23T00:58:43.488497+0900 INFO x: 0.563538313
y: 0.576471746
z: -0.0295844339

2024-11-23T00:58:43.587773+0900 INFO x: 0.556339741
y: 0.518159509
z: -0.025703894

2024-11-23T00:58:43.688603+0900 INFO x: 0.552065313
y: 0.468542427
z: -0.0261981897

2024-11-23T00:58:43.787439+0900 INFO x: 0.551895261
y: 0.427459419
z: -0.0247013234

2024-11-23T00:58:43.888178+0900 INFO x: 0.549036682
y: 0.388171494
z: -0.0244311932

2024-11-23T00:58:43.988054+0900 INFO x: 0.540164
y: 0.349308044
z: -0.0242277868

2024-11-23T00:58:44.086709+0900 INFO x: 0.522415936
y: 0.32346794
z: -0.0223631617

2024-11-23T00:58:44.188057+0900 INFO x: 0.513692558
y: 0.329943359
z: -0.0212616622

2024-11-23T00:58:44.287987+0900 INFO x: 0.518656731
y: 0.36669606
z: -0.0253581218

2024-11-23T00:58:44.387356+0900 INFO x: 0.534065366
y: 0.411149561
z: -0.0240700133

2024-11-23T00:58:44.487559+0900 INFO x: 0.534364402
y: 0.450742215
z: -0.0276233722

2024-11-23T00:58:44.587088+0900 INFO x: 0.533846319
y: 0.480426639
z: -0.0279036555

2024-11-23T00:58:44.687915+0900 INFO x: 0.531765401
y: 0.498231858
z: -0.0255819187

2024-11-23T00:58:44.787972+0900 INFO x: 0.532533646
y: 0.502094448
z: -0.0251076352

2024-11-23T00:58:44.887362+0900 INFO x: 0.531361639
y: 0.504564583
z: -0.0217823647

2024-11-23T00:58:44.987587+0900 INFO x: 0.531636834
y: 0.505512059
z: -0.0211207457

2024-11-23T00:58:45.087949+0900 INFO x: 0.531227469
y: 0.507956
z: -0.0212401021

2024-11-23T00:58:45.187414+0900 INFO x: 0.532837451
y: 0.509139478
z: -0.0217586718

2024-11-23T00:58:45.287350+0900 INFO x: 0.528038502
y: 0.514897287
z: -0.0246965047

2024-11-23T00:58:45.387812+0900 INFO x: 0.520929337
y: 0.519162297
z: -0.0247467533

2024-11-23T00:58:45.487477+0900 INFO x: 0.521841466
y: 0.525239527
z: -0.0241528973

2024-11-23T00:58:45.587149+0900 INFO x: 0.524031
y: 0.525648475
z: -0.0221396368

2024-11-23T00:58:45.685985+0900 INFO x: 0.528882384
y: 0.522186756
z: -0.0219267048

2024-11-23T00:58:45.787950+0900 INFO x: 0.536033809
y: 0.544950426
z: -0.0290340316

2024-11-23T00:58:45.887091+0900 INFO x: 0.560737848
y: 0.658447921
z: -0.0328889862

2024-11-23T00:58:50.055293+0900 INFO カメラとウィンドウリソースを解放しました
2024-11-23T01:07:25.275353+0900 INFO 入力IDは0,出力IDは1です
2024-11-23T01:08:10.122469+0900 INFO 入力IDは0,出力IDは1です
2024-11-23T01:16:07.372824+0900 INFO 入力IDは0,出力IDは1です
2024-11-23T18:30:30.306548+0900 INFO 入力IDは0,出力IDは1です
2024-11-23T18:47:47.903475+0900 INFO 入力IDは0,出力IDは1です
2024-11-23T18:48:07.636600+0900 INFO 入力IDは0,出力IDは1です
2024-11-23T18:56:31.948313+0900 INFO 入力IDは0,出力IDは1です
2024-11-23T19:07:57.781424+0900 INFO 入力IDは0,出力IDは1です
2024-11-23T19:24:35.685721+0900 INFO 入力IDは0,出力IDは1です
2024-11-23T19:24:49.060300+0900 INFO 入力IDは0,出力IDは1です
2024-11-23T19:25:43.165272+0900 INFO 入力IDは0,出力IDは1です
2024-11-23T19:38:23.214309+0900 INFO 入力IDは0,出力IDは1です
2024-11-23T19:50:01.112846+0900 INFO 入力IDは0,出力IDは1です
2024-11-23T19:50:25.046048+0900 INFO 入力IDは0,出力IDは1です
2024-11-23T19:50:59.097367+0900 INFO データを保存しました: output/face_orientation_20241123_195025.csv
2024-11-23T19:51:00.183863+0900 INFO グラフを保存しました: output/orientation_plot_20241123_195025.png
2024-11-23T19:58:54.201682+0900 INFO 入力IDは0,出力IDは1です
2024-11-23T19:59:55.132321+0900 INFO データを保存しました: output/face_orientation_20241123_195854.csv
2024-11-23T19:59:56.264440+0900 INFO グラフを保存しました: output/orientation_plot_20241123_195854.png
2024-11-23T21:06:19.914455+0900 INFO 入力IDは0,出力IDは1です
2024-11-23T21:07:24.237632+0900 INFO データを保存しました: output/face_orientation_20241123_210619.csv
2024-11-23T21:07:25.143506+0900 INFO グラフを保存しました: output/orientation_plot_20241123_210619.png
2024-11-24T00:55:28.164197+0900 INFO 入力IDは0,出力IDは1です
2024-11-24T00:55:47.035262+0900 INFO データを保存しました: output/face_orientation_20241124_005528.csv
2024-11-24T00:55:47.811992+0900 INFO グラフを保存しました: output/orientation_plot_20241124_005528.png
2024-11-24T01:15:02.096695+0900 INFO 入力IDは0,出力IDは1です
2024-11-24T01:15:37.857640+0900 INFO 入力IDは0,出力IDは1です
2024-11-24T01:15:38.013283+0900 INFO セッションディレクトリを作成しました: output/20241124_011537
2024-11-24T01:16:13.470161+0900 INFO データを保存しました: output/20241124_011537/face_orientation.csv
2024-11-24T01:16:14.229819+0900 INFO グラフを保存しました: output/20241124_011537/orientation_plot.png
2024-11-24T01:17:28.906005+0900 INFO 入力IDは0,出力IDは1です
2024-11-24T01:17:29.030082+0900 INFO セッションディレクトリを作成しました: output/20241124_011728
2024-11-24T01:18:26.344504+0900 INFO データを保存しました: output/20241124_011728/face_orientation.csv
2024-11-24T01:18:27.084414+0900 INFO グラフを保存しました: output/20241124_011728/orientation_plot.png
2024-11-24T01:21:57.888223+0900 INFO 入力IDは0,出力IDは1です
2024-11-24T01:21:58.018227+0900 INFO セッションディレクトリを作成しました: output/20241124_012157
2024-11-24T01:22:23.072583+0900 INFO データを保存しました: output/20241124_012157/face_orientation.csv
2024-11-24T01:22:23.815528+0900 INFO グラフを保存しました: output/20241124_012157/orientation_plot.png
